[1101/005510.253:ERROR:registration_protocol_win.cc(103)] CreateFile: Не удается найти указанный файл. (0x2)
[1103/012051.358:ERROR:directory_reader_win.cc(43)] FindFirstFile: Системе не удается найти указанный путь. (0x3)
[1106/163309.283:ERROR:directory_reader_win.cc(43)] FindFirstFile: Системе не удается найти указанный путь. (0x3)
[1107/152746.538:ERROR:directory_reader_win.cc(43)] FindFirstFile: Системе не удается найти указанный путь. (0x3)
[1108/145007.001:ERROR:directory_reader_win.cc(43)] FindFirstFile: Системе не удается найти указанный путь. (0x3)
[1108/184714.081:ERROR:directory_reader_win.cc(43)] FindFirstFile: Системе не удается найти указанный путь. (0x3)
[1109/183443.191:ERROR:process_reader_win.cc(151)] SuspendThread: Отказано в доступе. (0x5)
[1109/183443.258:ERROR:process_memory_win.cc(73)] ReadMemory at 0x7ff760730000 of 64 bytes failed: Запрос ReadProcessMemory или WriteProcessMemory был выполнен только частично. (0x12B)
[1109/183443.258:WARNING:pe_image_reader.cc(340)] could not read dos header from C:\Program Files\Microsoft VS Code\Code.exe
[1109/183443.258:ERROR:process_memory_win.cc(73)] ReadMemory at 0x7ff8cde00000 of 64 bytes failed: Запрос ReadProcessMemory или WriteProcessMemory был выполнен только частично. (0x12B)
[1109/183443.258:WARNING:pe_image_reader.cc(340)] could not read dos header from C:\Windows\SYSTEM32\ntdll.dll
[1109/183443.258:ERROR:process_memory_win.cc(73)] ReadMemory at 0x7ff8cd900000 of 64 bytes failed: Запрос ReadProcessMemory или WriteProcessMemory был выполнен только частично. (0x12B)
[1109/183443.258:WARNING:pe_image_reader.cc(340)] could not read dos header from C:\Windows\System32\KERNEL32.DLL
[1109/183443.258:ERROR:process_memory_win.cc(73)] ReadMemory at 0x7ff8cae60000 of 64 bytes failed: Запрос ReadProcessMemory или WriteProcessMemory был выполнен только частично. (0x12B)
[1109/183443.259:WARNING:pe_image_reader.cc(340)] could not read dos header from C:\Windows\System32\KERNELBASE.dll
[1109/183443.259:ERROR:process_memory_win.cc(73)] ReadMemory at 0x7ff8cd4e0000 of 64 bytes failed: Запрос ReadProcessMemory или WriteProcessMemory был выполнен только частично. (0x12B)
[1109/183443.259:WARNING:pe_image_reader.cc(340)] could not read dos header from C:\Windows\System32\GDI32.dll
[1109/183443.259:ERROR:process_memory_win.cc(73)] ReadMemory at 0x7ff8cb110000 of 64 bytes failed: Запрос ReadProcessMemory или WriteProcessMemory был выполнен только частично. (0x12B)
[1109/183443.259:WARNING:pe_image_reader.cc(340)] could not read dos header from C:\Windows\System32\win32u.dll
[1109/183443.259:ERROR:process_memory_win.cc(73)] ReadMemory at 0x7ff8cb9c0000 of 64 bytes failed: Запрос ReadProcessMemory или WriteProcessMemory был выполнен только частично. (0x12B)
[1109/183443.259:WARNING:pe_image_reader.cc(340)] could not read dos header from C:\Windows\System32\gdi32full.dll
[1109/183443.259:ERROR:process_memory_win.cc(73)] ReadMemory at 0x7ff8cbc10000 of 64 bytes failed: Запрос ReadProcessMemory или WriteProcessMemory был выполнен только частично. (0x12B)
[1109/183443.259:WARNING:pe_image_reader.cc(340)] could not read dos header from C:\Windows\System32\msvcp_win.dll
[1109/183443.259:ERROR:process_memory_win.cc(73)] ReadMemory at 0x7ff8cb140000 of 64 bytes failed: Запрос ReadProcessMemory или WriteProcessMemory был выполнен только частично. (0x12B)
[1109/183443.259:WARNING:pe_image_reader.cc(340)] could not read dos header from C:\Windows\System32\ucrtbase.dll
[1109/183443.259:ERROR:process_memory_win.cc(73)] ReadMemory at 0x7ff899b10000 of 64 bytes failed: Запрос ReadProcessMemory или WriteProcessMemory был выполнен только частично. (0x12B)
[1109/183443.259:WARNING:pe_image_reader.cc(340)] could not read dos header from C:\Program Files\Microsoft VS Code\ffmpeg.dll
[1109/183443.259:ERROR:process_memory_win.cc(73)] ReadMemory at 0x7ff8cbeb0000 of 64 bytes failed: Запрос ReadProcessMemory или WriteProcessMemory был выполнен только частично. (0x12B)
[1109/183443.259:WARNING:pe_image_reader.cc(340)] could not read dos header from C:\Windows\System32\USER32.dll
[1109/183443.259:ERROR:process_memory_win.cc(73)] ReadMemory at 0x7ff8cdc80000 of 64 bytes failed: Запрос ReadProcessMemory или WriteProcessMemory был выполнен только частично. (0x12B)
[1109/183443.259:WARNING:pe_image_reader.cc(340)] could not read dos header from C:\Windows\System32\OLEAUT32.dll
[1109/183443.259:ERROR:process_memory_win.cc(73)] ReadMemory at 0x7ff8cd510000 of 64 bytes failed: Запрос ReadProcessMemory или WriteProcessMemory был выполнен только частично. (0x12B)
[1109/183443.259:WARNING:pe_image_reader.cc(340)] could not read dos header from C:\Windows\System32\combase.dll
[1109/183443.259:ERROR:process_memory_win.cc(73)] ReadMemory at 0x7ff8cc3f0000 of 64 bytes failed: Запрос ReadProcessMemory или WriteProcessMemory был выполнен только частично. (0x12B)
[1109/183443.260:WARNING:pe_image_reader.cc(340)] could not read dos header from C:\Windows\System32\RPCRT4.dll
[1109/183443.260:ERROR:process_memory_win.cc(73)] ReadMemory at 0x7ff8cbb60000 of 64 bytes failed: Запрос ReadProcessMemory или WriteProcessMemory был выполнен только частично. (0x12B)
[1109/183443.260:WARNING:pe_image_reader.cc(340)] could not read dos header from C:\Windows\System32\bcryptPrimitives.dll
[1109/183443.260:ERROR:process_memory_win.cc(73)] ReadMemory at 0x7ff8ccbe0000 of 64 bytes failed: Запрос ReadProcessMemory или WriteProcessMemory был выполнен только частично. (0x12B)
[1109/183443.260:WARNING:pe_image_reader.cc(340)] could not read dos header from C:\Windows\System32\SHELL32.dll
[1109/183443.260:ERROR:process_memory_win.cc(73)] ReadMemory at 0x7ff8bcdb0000 of 64 bytes failed: Запрос ReadProcessMemory или WriteProcessMemory был выполнен только частично. (0x12B)
[1109/183443.260:WARNING:pe_image_reader.cc(340)] could not read dos header from C:\Windows\WinSxS\amd64_microsoft.windows.common-controls_6595b64144ccf1df_6.0.18362.1139_none_9e7bf2d3e4605ac6\COMCTL32.dll
[1109/183443.260:ERROR:process_memory_win.cc(73)] ReadMemory at 0x7ff8cdbd0000 of 64 bytes failed: Запрос ReadProcessMemory или WriteProcessMemory был выполнен только частично. (0x12B)
[1109/183443.260:WARNING:pe_image_reader.cc(340)] could not read dos header from C:\Windows\System32\msvcrt.dll
[1109/183443.260:ERROR:process_memory_win.cc(73)] ReadMemory at 0x7ff8ac940000 of 64 bytes failed: Запрос ReadProcessMemory или WriteProcessMemory был выполнен только частично. (0x12B)
[1109/183443.260:WARNING:pe_image_reader.cc(340)] could not read dos header from C:\Windows\SYSTEM32\UIAutomationCore.DLL
[1109/183443.260:ERROR:process_memory_win.cc(73)] ReadMemory at 0x7ff8cbe60000 of 64 bytes failed: Запрос ReadProcessMemory или WriteProcessMemory был выполнен только частично. (0x12B)
[1109/183443.260:WARNING:pe_image_reader.cc(340)] could not read dos header from C:\Windows\System32\cfgmgr32.dll
[1109/183443.260:ERROR:process_memory_win.cc(73)] ReadMemory at 0x7ff8c7770000 of 64 bytes failed: Запрос ReadProcessMemory или WriteProcessMemory был выполнен только частично. (0x12B)
[1109/183443.260:WARNING:pe_image_reader.cc(340)] could not read dos header from C:\Windows\SYSTEM32\WTSAPI32.dll
[1109/183443.260:ERROR:process_memory_win.cc(73)] ReadMemory at 0x7ff8cc510000 of 64 bytes failed: Запрос ReadProcessMemory или WriteProcessMemory был выполнен только частично. (0x12B)
[1109/183443.260:WARNING:pe_image_reader.cc(340)] could not read dos header from C:\Windows\System32\shcore.dll
[1109/183443.260:ERROR:process_memory_win.cc(73)] ReadMemory at 0x7ff8cb240000 of 64 bytes failed: Запрос ReadProcessMemory или WriteProcessMemory был выполнен только частично. (0x12B)
[1109/183443.260:WARNING:pe_image_reader.cc(340)] could not read dos header from C:\Windows\System32\windows.storage.dll
[1109/183443.260:ERROR:process_memory_win.cc(73)] ReadMemory at 0x7ff8cc350000 of 64 bytes failed: Запрос ReadProcessMemory или WriteProcessMemory был выполнен только частично. (0x12B)
[1109/183443.260:WARNING:pe_image_reader.cc(340)] could not read dos header from C:\Windows\System32\sechost.dll
[1109/183443.260:ERROR:process_memory_win.cc(73)] ReadMemory at 0x7ff8cd850000 of 64 bytes failed: Запрос ReadProcessMemory или WriteProcessMemory был выполнен только частично. (0x12B)
[1109/183443.260:WARNING:pe_image_reader.cc(340)] could not read dos header from C:\Windows\System32\advapi32.dll
[1109/183443.261:ERROR:process_memory_win.cc(73)] ReadMemory at 0x7ff8cad40000 of 64 bytes failed: Запрос ReadProcessMemory или WriteProcessMemory был выполнен только частично. (0x12B)
[1109/183443.261:WARNING:pe_image_reader.cc(340)] could not read dos header from C:\Windows\System32\profapi.dll
[1109/183443.261:ERROR:process_memory_win.cc(73)] ReadMemory at 0x7ff8cacd0000 of 64 bytes failed: Запрос ReadProcessMemory или WriteProcessMemory был выполнен только частично. (0x12B)
[1109/183443.261:WARNING:pe_image_reader.cc(340)] could not read dos header from C:\Windows\System32\powrprof.dll
[1109/183443.261:ERROR:process_memory_win.cc(73)] ReadMemory at 0x7ff8cacc0000 of 64 bytes failed: Запрос ReadProcessMemory или WriteProcessMemory был выполнен только частично. (0x12B)
[1109/183443.261:WARNING:pe_image_reader.cc(340)] could not read dos header from C:\Windows\System32\UMPDC.dll
[1109/183443.261:ERROR:process_memory_win.cc(73)] ReadMemory at 0x7ff8cd9c0000 of 64 bytes failed: Запрос ReadProcessMemory или WriteProcessMemory был выполнен только частично. (0x12B)
[1109/183443.261:WARNING:pe_image_reader.cc(340)] could not read dos header from C:\Windows\System32\shlwapi.dll
[1109/183443.261:ERROR:process_memory_win.cc(73)] ReadMemory at 0x7ff8cad70000 of 64 bytes failed: Запрос ReadProcessMemory или WriteProcessMemory был выполнен только частично. (0x12B)
[1109/183443.261:WARNING:pe_image_reader.cc(340)] could not read dos header from C:\Windows\System32\kernel.appcore.dll
[1109/183443.261:ERROR:process_memory_win.cc(73)] ReadMemory at 0x7ff8cad90000 of 64 bytes failed: Запрос ReadProcessMemory или WriteProcessMemory был выполнен только частично. (0x12B)
[1109/183443.261:WARNING:pe_image_reader.cc(340)] could not read dos header from C:\Windows\System32\cryptsp.dll
[1109/183443.261:ERROR:process_memory_win.cc(73)] ReadMemory at 0x7ff8ccb00000 of 64 bytes failed: Запрос ReadProcessMemory или WriteProcessMemory был выполнен только частично. (0x12B)
[1109/183443.261:WARNING:pe_image_reader.cc(340)] could not read dos header from C:\Windows\System32\WS2_32.dll
[1109/183443.261:ERROR:process_memory_win.cc(73)] ReadMemory at 0x7ff8cbcb0000 of 64 bytes failed: Запрос ReadProcessMemory или WriteProcessMemory был выполнен только частично. (0x12B)
[1109/183443.261:WARNING:pe_image_reader.cc(340)] could not read dos header from C:\Windows\System32\CRYPT32.dll
[1109/183443.261:ERROR:process_memory_win.cc(73)] ReadMemory at 0x7ff8cad20000 of 64 bytes failed: Запрос ReadProcessMemory или WriteProcessMemory был выполнен только частично. (0x12B)
[1109/183443.261:WARNING:pe_image_reader.cc(340)] could not read dos header from C:\Windows\System32\MSASN1.dll
[1109/183443.261:ERROR:process_memory_win.cc(73)] ReadMemory at 0x7ff8bcca0000 of 64 bytes failed: Запрос ReadProcessMemory или WriteProcessMemory был выполнен только частично. (0x12B)
[1109/183443.261:WARNING:pe_image_reader.cc(340)] could not read dos header from C:\Windows\SYSTEM32\MSIMG32.dll
[1109/183443.261:ERROR:process_memory_win.cc(73)] ReadMemory at 0x7ff8cd410000 of 64 bytes failed: Запрос ReadProcessMemory или WriteProcessMemory был выполнен только частично. (0x12B)
[1109/183443.261:WARNING:pe_image_reader.cc(340)] could not read dos header from C:\Windows\System32\COMDLG32.dll
[1109/183443.262:ERROR:process_memory_win.cc(73)] ReadMemory at 0x7ff8cc290000 of 64 bytes failed: Запрос ReadProcessMemory или WriteProcessMemory был выполнен только частично. (0x12B)
[1109/183443.262:WARNING:pe_image_reader.cc(340)] could not read dos header from C:\Windows\System32\IMM32.dll
[1109/183443.262:ERROR:process_memory_win.cc(73)] ReadMemory at 0x7ff8c7950000 of 64 bytes failed: Запрос ReadProcessMemory или WriteProcessMemory был выполнен только частично. (0x12B)
[1109/183443.262:WARNING:pe_image_reader.cc(340)] could not read dos header from C:\Windows\SYSTEM32\WINMM.dll
[1109/183443.262:ERROR:process_memory_win.cc(73)] ReadMemory at 0x7ff8c9440000 of 64 bytes failed: Запрос ReadProcessMemory или WriteProcessMemory был выполнен только частично. (0x12B)
[1109/183443.262:WARNING:pe_image_reader.cc(340)] could not read dos header from C:\Windows\SYSTEM32\dwmapi.dll
[1109/183443.262:ERROR:process_memory_win.cc(73)] ReadMemory at 0x7ff8ca220000 of 64 bytes failed: Запрос ReadProcessMemory или WriteProcessMemory был выполнен только частично. (0x12B)
[1109/183443.262:WARNING:pe_image_reader.cc(340)] could not read dos header from C:\Windows\SYSTEM32\IPHLPAPI.DLL
[1109/183443.262:ERROR:process_memory_win.cc(73)] ReadMemory at 0x7ff8bccb0000 of 64 bytes failed: Запрос ReadProcessMemory или WriteProcessMemory был выполнен только частично. (0x12B)
[1109/183443.262:WARNING:pe_image_reader.cc(340)] could not read dos header from C:\Windows\SYSTEM32\OLEACC.dll
[1109/183443.262:ERROR:process_memory_win.cc(73)] ReadMemory at 0x7ff8c99a0000 of 64 bytes failed: Запрос ReadProcessMemory или WriteProcessMemory был выполнен только частично. (0x12B)
[1109/183443.263:WARNING:pe_image_reader.cc(340)] could not read dos header from C:\Windows\SYSTEM32\dxgi.dll
[1109/183443.263:ERROR:process_memory_win.cc(73)] ReadMemory at 0x7ff8c9010000 of 64 bytes failed: Запрос ReadProcessMemory или WriteProcessMemory был выполнен только частично. (0x12B)
[1109/183443.263:WARNING:pe_image_reader.cc(340)] could not read dos header from C:\Windows\SYSTEM32\UxTheme.dll
[1109/183443.263:ERROR:process_memory_win.cc(73)] ReadMemory at 0x7ff8c98b0000 of 64 bytes failed: Запрос ReadProcessMemory или WriteProcessMemory был выполнен только частично. (0x12B)
[1109/183443.263:WARNING:pe_image_reader.cc(340)] could not read dos header from C:\Windows\SYSTEM32\HID.DLL
[1109/183443.263:ERROR:process_memory_win.cc(73)] ReadMemory at 0x7ff8c3f00000 of 64 bytes failed: Запрос ReadProcessMemory или WriteProcessMemory был выполнен только частично. (0x12B)
[1109/183443.263:WARNING:pe_image_reader.cc(340)] could not read dos header from C:\Windows\SYSTEM32\VERSION.dll
[1109/183443.263:ERROR:process_memory_win.cc(73)] ReadMemory at 0x7ff8b7b70000 of 64 bytes failed: Запрос ReadProcessMemory или WriteProcessMemory был выполнен только частично. (0x12B)
[1109/183443.263:WARNING:pe_image_reader.cc(340)] could not read dos header from C:\Windows\SYSTEM32\dbghelp.dll
[1109/183443.263:ERROR:process_memory_win.cc(73)] ReadMemory at 0x7ff8cabe0000 of 64 bytes failed: Запрос ReadProcessMemory или WriteProcessMemory был выполнен только частично. (0x12B)
[1109/183443.263:WARNING:pe_image_reader.cc(340)] could not read dos header from C:\Windows\SYSTEM32\USERENV.dll
[1109/183443.263:ERROR:process_memory_win.cc(73)] ReadMemory at 0x7ff8c7650000 of 64 bytes failed: Запрос ReadProcessMemory или WriteProcessMemory был выполнен только частично. (0x12B)
[1109/183443.263:WARNING:pe_image_reader.cc(340)] could not read dos header from C:\Windows\SYSTEM32\PROPSYS.dll
[1109/183443.263:ERROR:process_memory_win.cc(73)] ReadMemory at 0x7ff8ca7e0000 of 64 bytes failed: Запрос ReadProcessMemory или WriteProcessMemory был выполнен только частично. (0x12B)
[1109/183443.263:WARNING:pe_image_reader.cc(340)] could not read dos header from C:\Windows\SYSTEM32\ncrypt.dll
[1109/183443.263:ERROR:process_memory_win.cc(73)] ReadMemory at 0x7ff8cbbe0000 of 64 bytes failed: Запрос ReadProcessMemory или WriteProcessMemory был выполнен только частично. (0x12B)
[1109/183443.263:WARNING:pe_image_reader.cc(340)] could not read dos header from C:\Windows\System32\bcrypt.dll
[1109/183443.263:ERROR:process_memory_win.cc(73)] ReadMemory at 0x7ff8bdb50000 of 64 bytes failed: Запрос ReadProcessMemory или WriteProcessMemory был выполнен только частично. (0x12B)
[1109/183443.264:WARNING:pe_image_reader.cc(340)] could not read dos header from C:\Windows\SYSTEM32\DWrite.dll
[1109/183443.264:ERROR:process_memory_win.cc(73)] ReadMemory at 0x7ff8aecb0000 of 64 bytes failed: Запрос ReadProcessMemory или WriteProcessMemory был выполнен только частично. (0x12B)
[1109/183443.264:WARNING:pe_image_reader.cc(340)] could not read dos header from C:\Windows\SYSTEM32\USP10.dll
[1109/183443.265:ERROR:process_memory_win.cc(73)] ReadMemory at 0x7ff8c44e0000 of 64 bytes failed: Запрос ReadProcessMemory или WriteProcessMemory был выполнен только частично. (0x12B)
[1109/183443.265:WARNING:pe_image_reader.cc(340)] could not read dos header from C:\Windows\SYSTEM32\d3d9.dll
[1109/183443.265:ERROR:process_memory_win.cc(73)] ReadMemory at 0x7ff8ac450000 of 64 bytes failed: Запрос ReadProcessMemory или WriteProcessMemory был выполнен только частично. (0x12B)
[1109/183443.265:WARNING:pe_image_reader.cc(340)] could not read dos header from C:\Windows\SYSTEM32\dxva2.dll
[1109/183443.265:ERROR:process_memory_win.cc(73)] ReadMemory at 0x7ff8c8010000 of 64 bytes failed: Запрос ReadProcessMemory или WriteProcessMemory был выполнен только частично. (0x12B)
[1109/183443.265:WARNING:pe_image_reader.cc(340)] could not read dos header from C:\Windows\SYSTEM32\d3d11.dll
[1109/183443.266:ERROR:process_memory_win.cc(73)] ReadMemory at 0x7ff8b6090000 of 64 bytes failed: Запрос ReadProcessMemory или WriteProcessMemory был выполнен только частично. (0x12B)
[1109/183443.266:WARNING:pe_image_reader.cc(340)] could not read dos header from C:\Windows\SYSTEM32\Secur32.dll
[1109/183443.266:ERROR:process_memory_win.cc(73)] ReadMemory at 0x7ff8bf0b0000 of 64 bytes failed: Запрос ReadProcessMemory или WriteProcessMemory был выполнен только частично. (0x12B)
[1109/183443.266:WARNING:pe_image_reader.cc(340)] could not read dos header from C:\Windows\SYSTEM32\urlmon.dll
[1109/183443.267:ERROR:process_memory_win.cc(73)] ReadMemory at 0x7ff8bff10000 of 64 bytes failed: Запрос ReadProcessMemory или WriteProcessMemory был выполнен только частично. (0x12B)
[1109/183443.267:WARNING:pe_image_reader.cc(340)] could not read dos header from C:\Windows\SYSTEM32\WINHTTP.dll
[1109/183443.267:ERROR:process_memory_win.cc(73)] ReadMemory at 0x7ff8c2940000 of 64 bytes failed: Запрос ReadProcessMemory или WriteProcessMemory был выполнен только частично. (0x12B)
[1109/183443.267:WARNING:pe_image_reader.cc(340)] could not read dos header from C:\Windows\SYSTEM32\dhcpcsvc.DLL
[1109/183443.267:ERROR:process_memory_win.cc(73)] ReadMemory at 0x7ff8cc340000 of 64 bytes failed: Запрос ReadProcessMemory или WriteProcessMemory был выполнен только частично. (0x12B)
[1109/183443.267:WARNING:pe_image_reader.cc(340)] could not read dos header from C:\Windows\System32\NSI.dll
[1109/183443.267:ERROR:process_memory_win.cc(73)] ReadMemory at 0x7ff8c7920000 of 64 bytes failed: Запрос ReadProcessMemory или WriteProcessMemory был выполнен только частично. (0x12B)
[1109/183443.267:WARNING:pe_image_reader.cc(340)] could not read dos header from C:\Windows\SYSTEM32\winmmbase.dll
[1109/183443.267:ERROR:process_memory_win.cc(73)] ReadMemory at 0x7ff8ca7a0000 of 64 bytes failed: Запрос ReadProcessMemory или WriteProcessMemory был выполнен только частично. (0x12B)
[1109/183443.267:WARNING:pe_image_reader.cc(340)] could not read dos header from C:\Windows\SYSTEM32\NTASN1.dll
[1109/183443.267:ERROR:process_memory_win.cc(73)] ReadMemory at 0x7ff8bd680000 of 64 bytes failed: Запрос ReadProcessMemory или WriteProcessMemory был выполнен только частично. (0x12B)
[1109/183443.267:WARNING:pe_image_reader.cc(340)] could not read dos header from C:\Windows\SYSTEM32\iertutil.dll
[1109/183443.267:ERROR:process_memory_win.cc(73)] ReadMemory at 0x7ff8caba0000 of 64 bytes failed: Запрос ReadProcessMemory или WriteProcessMemory был выполнен только частично. (0x12B)
[1109/183443.267:WARNING:pe_image_reader.cc(340)] could not read dos header from C:\Windows\SYSTEM32\SSPICLI.DLL
[1109/183443.268:ERROR:process_memory_win.cc(73)] ReadMemory at 0x7ff8ca6e0000 of 64 bytes failed: Запрос ReadProcessMemory или WriteProcessMemory был выполнен только частично. (0x12B)
[1109/183443.268:WARNING:pe_image_reader.cc(340)] could not read dos header from C:\Windows\SYSTEM32\CRYPTBASE.DLL
[1109/183443.268:ERROR:process_memory_win.cc(73)] ReadMemory at 0x7ff8c9910000 of 64 bytes failed: Запрос ReadProcessMemory или WriteProcessMemory был выполнен только частично. (0x12B)
[1109/183443.268:WARNING:pe_image_reader.cc(340)] could not read dos header from C:\Windows\SYSTEM32\dxcore.dll
[1109/183443.268:ERROR:process_memory_win.cc(73)] ReadMemory at 0x7ff8ca510000 of 64 bytes failed: Запрос ReadProcessMemory или WriteProcessMemory был выполнен только частично. (0x12B)
[1109/183443.268:WARNING:pe_image_reader.cc(340)] could not read dos header from C:\Windows\system32\mswsock.dll
[1109/183443.277:ERROR:process_memory_win.cc(73)] ReadMemory at 0x7ff760730000 of 64 bytes failed: Запрос ReadProcessMemory или WriteProcessMemory был выполнен только частично. (0x12B)
[1109/183443.277:WARNING:pe_image_reader.cc(340)] could not read dos header from C:\Program Files\Microsoft VS Code\Code.exe
[1109/183443.277:ERROR:process_memory_win.cc(73)] ReadMemory at 0x7ff8cde00000 of 64 bytes failed: Запрос ReadProcessMemory или WriteProcessMemory был выполнен только частично. (0x12B)
[1109/183443.277:WARNING:pe_image_reader.cc(340)] could not read dos header from C:\Windows\SYSTEM32\ntdll.dll
[1109/183443.277:ERROR:process_memory_win.cc(73)] ReadMemory at 0x7ff8cd900000 of 64 bytes failed: Запрос ReadProcessMemory или WriteProcessMemory был выполнен только частично. (0x12B)
[1109/183443.277:WARNING:pe_image_reader.cc(340)] could not read dos header from C:\Windows\System32\KERNEL32.DLL
[1109/183443.277:ERROR:process_memory_win.cc(73)] ReadMemory at 0x7ff8cae60000 of 64 bytes failed: Запрос ReadProcessMemory или WriteProcessMemory был выполнен только частично. (0x12B)
[1109/183443.277:WARNING:pe_image_reader.cc(340)] could not read dos header from C:\Windows\System32\KERNELBASE.dll
[1109/183443.277:ERROR:process_memory_win.cc(73)] ReadMemory at 0x7ff8cd4e0000 of 64 bytes failed: Запрос ReadProcessMemory или WriteProcessMemory был выполнен только частично. (0x12B)
[1109/183443.277:WARNING:pe_image_reader.cc(340)] could not read dos header from C:\Windows\System32\GDI32.dll
[1109/183443.277:ERROR:process_memory_win.cc(73)] ReadMemory at 0x7ff8cb110000 of 64 bytes failed: Запрос ReadProcessMemory или WriteProcessMemory был выполнен только частично. (0x12B)
[1109/183443.277:WARNING:pe_image_reader.cc(340)] could not read dos header from C:\Windows\System32\win32u.dll
[1109/183443.277:ERROR:process_memory_win.cc(73)] ReadMemory at 0x7ff8cb9c0000 of 64 bytes failed: Запрос ReadProcessMemory или WriteProcessMemory был выполнен только частично. (0x12B)
[1109/183443.277:WARNING:pe_image_reader.cc(340)] could not read dos header from C:\Windows\System32\gdi32full.dll
[1109/183443.277:ERROR:process_memory_win.cc(73)] ReadMemory at 0x7ff8cbc10000 of 64 bytes failed: Запрос ReadProcessMemory или WriteProcessMemory был выполнен только частично. (0x12B)
[1109/183443.277:WARNING:pe_image_reader.cc(340)] could not read dos header from C:\Windows\System32\msvcp_win.dll
[1109/183443.277:ERROR:process_memory_win.cc(73)] ReadMemory at 0x7ff8cb140000 of 64 bytes failed: Запрос ReadProcessMemory или WriteProcessMemory был выполнен только частично. (0x12B)
[1109/183443.277:WARNING:pe_image_reader.cc(340)] could not read dos header from C:\Windows\System32\ucrtbase.dll
[1109/183443.277:ERROR:process_memory_win.cc(73)] ReadMemory at 0x7ff899b10000 of 64 bytes failed: Запрос ReadProcessMemory или WriteProcessMemory был выполнен только частично. (0x12B)
[1109/183443.278:WARNING:pe_image_reader.cc(340)] could not read dos header from C:\Program Files\Microsoft VS Code\ffmpeg.dll
[1109/183443.278:ERROR:process_memory_win.cc(73)] ReadMemory at 0x7ff8cbeb0000 of 64 bytes failed: Запрос ReadProcessMemory или WriteProcessMemory был выполнен только частично. (0x12B)
[1109/183443.278:WARNING:pe_image_reader.cc(340)] could not read dos header from C:\Windows\System32\USER32.dll
[1109/183443.278:ERROR:process_memory_win.cc(73)] ReadMemory at 0x7ff8cdc80000 of 64 bytes failed: Запрос ReadProcessMemory или WriteProcessMemory был выполнен только частично. (0x12B)
[1109/183443.278:WARNING:pe_image_reader.cc(340)] could not read dos header from C:\Windows\System32\OLEAUT32.dll
[1109/183443.278:ERROR:process_memory_win.cc(73)] ReadMemory at 0x7ff8cd510000 of 64 bytes failed: Запрос ReadProcessMemory или WriteProcessMemory был выполнен только частично. (0x12B)
[1109/183443.278:WARNING:pe_image_reader.cc(340)] could not read dos header from C:\Windows\System32\combase.dll
[1109/183443.278:ERROR:process_memory_win.cc(73)] ReadMemory at 0x7ff8cc3f0000 of 64 bytes failed: Запрос ReadProcessMemory или WriteProcessMemory был выполнен только частично. (0x12B)
[1109/183443.278:WARNING:pe_image_reader.cc(340)] could not read dos header from C:\Windows\System32\RPCRT4.dll
[1109/183443.278:ERROR:process_memory_win.cc(73)] ReadMemory at 0x7ff8cbb60000 of 64 bytes failed: Запрос ReadProcessMemory или WriteProcessMemory был выполнен только частично. (0x12B)
[1109/183443.278:WARNING:pe_image_reader.cc(340)] could not read dos header from C:\Windows\System32\bcryptPrimitives.dll
[1109/183443.278:ERROR:process_memory_win.cc(73)] ReadMemory at 0x7ff8ccbe0000 of 64 bytes failed: Запрос ReadProcessMemory или WriteProcessMemory был выполнен только частично. (0x12B)
[1109/183443.278:WARNING:pe_image_reader.cc(340)] could not read dos header from C:\Windows\System32\SHELL32.dll
[1109/183443.278:ERROR:process_memory_win.cc(73)] ReadMemory at 0x7ff8bcdb0000 of 64 bytes failed: Запрос ReadProcessMemory или WriteProcessMemory был выполнен только частично. (0x12B)
[1109/183443.278:WARNING:pe_image_reader.cc(340)] could not read dos header from C:\Windows\WinSxS\amd64_microsoft.windows.common-controls_6595b64144ccf1df_6.0.18362.1139_none_9e7bf2d3e4605ac6\COMCTL32.dll
[1109/183443.278:ERROR:process_memory_win.cc(73)] ReadMemory at 0x7ff8cdbd0000 of 64 bytes failed: Запрос ReadProcessMemory или WriteProcessMemory был выполнен только частично. (0x12B)
[1109/183443.278:WARNING:pe_image_reader.cc(340)] could not read dos header from C:\Windows\System32\msvcrt.dll
[1109/183443.278:ERROR:process_memory_win.cc(73)] ReadMemory at 0x7ff8ac940000 of 64 bytes failed: Запрос ReadProcessMemory или WriteProcessMemory был выполнен только частично. (0x12B)
[1109/183443.278:WARNING:pe_image_reader.cc(340)] could not read dos header from C:\Windows\SYSTEM32\UIAutomationCore.DLL
[1109/183443.278:ERROR:process_memory_win.cc(73)] ReadMemory at 0x7ff8cbe60000 of 64 bytes failed: Запрос ReadProcessMemory или WriteProcessMemory был выполнен только частично. (0x12B)
[1109/183443.278:WARNING:pe_image_reader.cc(340)] could not read dos header from C:\Windows\System32\cfgmgr32.dll
[1109/183443.278:ERROR:process_memory_win.cc(73)] ReadMemory at 0x7ff8c7770000 of 64 bytes failed: Запрос ReadProcessMemory или WriteProcessMemory был выполнен только частично. (0x12B)
[1109/183443.278:WARNING:pe_image_reader.cc(340)] could not read dos header from C:\Windows\SYSTEM32\WTSAPI32.dll
[1109/183443.278:ERROR:process_memory_win.cc(73)] ReadMemory at 0x7ff8cc510000 of 64 bytes failed: Запрос ReadProcessMemory или WriteProcessMemory был выполнен только частично. (0x12B)
[1109/183443.278:WARNING:pe_image_reader.cc(340)] could not read dos header from C:\Windows\System32\shcore.dll
[1109/183443.278:ERROR:process_memory_win.cc(73)] ReadMemory at 0x7ff8cb240000 of 64 bytes failed: Запрос ReadProcessMemory или WriteProcessMemory был выполнен только частично. (0x12B)
[1109/183443.278:WARNING:pe_image_reader.cc(340)] could not read dos header from C:\Windows\System32\windows.storage.dll
[1109/183443.278:ERROR:process_memory_win.cc(73)] ReadMemory at 0x7ff8cc350000 of 64 bytes failed: Запрос ReadProcessMemory или WriteProcessMemory был выполнен только частично. (0x12B)
[1109/183443.278:WARNING:pe_image_reader.cc(340)] could not read dos header from C:\Windows\System32\sechost.dll
[1109/183443.278:ERROR:process_memory_win.cc(73)] ReadMemory at 0x7ff8cd850000 of 64 bytes failed: Запрос ReadProcessMemory или WriteProcessMemory был выполнен только частично. (0x12B)
[1109/183443.278:WARNING:pe_image_reader.cc(340)] could not read dos header from C:\Windows\System32\advapi32.dll
[1109/183443.279:ERROR:process_memory_win.cc(73)] ReadMemory at 0x7ff8cad40000 of 64 bytes failed: Запрос ReadProcessMemory или WriteProcessMemory был выполнен только частично. (0x12B)
[1109/183443.279:WARNING:pe_image_reader.cc(340)] could not read dos header from C:\Windows\System32\profapi.dll
[1109/183443.279:ERROR:process_memory_win.cc(73)] ReadMemory at 0x7ff8cacd0000 of 64 bytes failed: Запрос ReadProcessMemory или WriteProcessMemory был выполнен только частично. (0x12B)
[1109/183443.279:WARNING:pe_image_reader.cc(340)] could not read dos header from C:\Windows\System32\powrprof.dll
[1109/183443.279:ERROR:process_memory_win.cc(73)] ReadMemory at 0x7ff8cacc0000 of 64 bytes failed: Запрос ReadProcessMemory или WriteProcessMemory был выполнен только частично. (0x12B)
[1109/183443.279:WARNING:pe_image_reader.cc(340)] could not read dos header from C:\Windows\System32\UMPDC.dll
[1109/183443.279:ERROR:process_memory_win.cc(73)] ReadMemory at 0x7ff8cd9c0000 of 64 bytes failed: Запрос ReadProcessMemory или WriteProcessMemory был выполнен только частично. (0x12B)
[1109/183443.279:WARNING:pe_image_reader.cc(340)] could not read dos header from C:\Windows\System32\shlwapi.dll
[1109/183443.279:ERROR:process_memory_win.cc(73)] ReadMemory at 0x7ff8cad70000 of 64 bytes failed: Запрос ReadProcessMemory или WriteProcessMemory был выполнен только частично. (0x12B)
[1109/183443.279:WARNING:pe_image_reader.cc(340)] could not read dos header from C:\Windows\System32\kernel.appcore.dll
[1109/183443.279:ERROR:process_memory_win.cc(73)] ReadMemory at 0x7ff8cad90000 of 64 bytes failed: Запрос ReadProcessMemory или WriteProcessMemory был выполнен только частично. (0x12B)
[1109/183443.279:WARNING:pe_image_reader.cc(340)] could not read dos header from C:\Windows\System32\cryptsp.dll
[1109/183443.279:ERROR:process_memory_win.cc(73)] ReadMemory at 0x7ff8ccb00000 of 64 bytes failed: Запрос ReadProcessMemory или WriteProcessMemory был выполнен только частично. (0x12B)
[1109/183443.279:WARNING:pe_image_reader.cc(340)] could not read dos header from C:\Windows\System32\WS2_32.dll
[1109/183443.279:ERROR:process_memory_win.cc(73)] ReadMemory at 0x7ff8cbcb0000 of 64 bytes failed: Запрос ReadProcessMemory или WriteProcessMemory был выполнен только частично. (0x12B)
[1109/183443.279:WARNING:pe_image_reader.cc(340)] could not read dos header from C:\Windows\System32\CRYPT32.dll
[1109/183443.279:ERROR:process_memory_win.cc(73)] ReadMemory at 0x7ff8cad20000 of 64 bytes failed: Запрос ReadProcessMemory или WriteProcessMemory был выполнен только частично. (0x12B)
[1109/183443.279:WARNING:pe_image_reader.cc(340)] could not read dos header from C:\Windows\System32\MSASN1.dll
[1109/183443.279:ERROR:process_memory_win.cc(73)] ReadMemory at 0x7ff8bcca0000 of 64 bytes failed: Запрос ReadProcessMemory или WriteProcessMemory был выполнен только частично. (0x12B)
[1109/183443.279:WARNING:pe_image_reader.cc(340)] could not read dos header from C:\Windows\SYSTEM32\MSIMG32.dll
[1109/183443.279:ERROR:process_memory_win.cc(73)] ReadMemory at 0x7ff8cd410000 of 64 bytes failed: Запрос ReadProcessMemory или WriteProcessMemory был выполнен только частично. (0x12B)
[1109/183443.280:WARNING:pe_image_reader.cc(340)] could not read dos header from C:\Windows\System32\COMDLG32.dll
[1109/183443.280:ERROR:process_memory_win.cc(73)] ReadMemory at 0x7ff8cc290000 of 64 bytes failed: Запрос ReadProcessMemory или WriteProcessMemory был выполнен только частично. (0x12B)
[1109/183443.280:WARNING:pe_image_reader.cc(340)] could not read dos header from C:\Windows\System32\IMM32.dll
[1109/183443.280:ERROR:process_memory_win.cc(73)] ReadMemory at 0x7ff8c7950000 of 64 bytes failed: Запрос ReadProcessMemory или WriteProcessMemory был выполнен только частично. (0x12B)
[1109/183443.280:WARNING:pe_image_reader.cc(340)] could not read dos header from C:\Windows\SYSTEM32\WINMM.dll
[1109/183443.280:ERROR:process_memory_win.cc(73)] ReadMemory at 0x7ff8c9440000 of 64 bytes failed: Запрос ReadProcessMemory или WriteProcessMemory был выполнен только частично. (0x12B)
[1109/183443.280:WARNING:pe_image_reader.cc(340)] could not read dos header from C:\Windows\SYSTEM32\dwmapi.dll
[1109/183443.280:ERROR:process_memory_win.cc(73)] ReadMemory at 0x7ff8ca220000 of 64 bytes failed: Запрос ReadProcessMemory или WriteProcessMemory был выполнен только частично. (0x12B)
[1109/183443.280:WARNING:pe_image_reader.cc(340)] could not read dos header from C:\Windows\SYSTEM32\IPHLPAPI.DLL
[1109/183443.280:ERROR:process_memory_win.cc(73)] ReadMemory at 0x7ff8bccb0000 of 64 bytes failed: Запрос ReadProcessMemory или WriteProcessMemory был выполнен только частично. (0x12B)
[1109/183443.280:WARNING:pe_image_reader.cc(340)] could not read dos header from C:\Windows\SYSTEM32\OLEACC.dll
[1109/183443.280:ERROR:process_memory_win.cc(73)] ReadMemory at 0x7ff8c99a0000 of 64 bytes failed: Запрос ReadProcessMemory или WriteProcessMemory был выполнен только частично. (0x12B)
[1109/183443.280:WARNING:pe_image_reader.cc(340)] could not read dos header from C:\Windows\SYSTEM32\dxgi.dll
[1109/183443.280:ERROR:process_memory_win.cc(73)] ReadMemory at 0x7ff8c9010000 of 64 bytes failed: Запрос ReadProcessMemory или WriteProcessMemory был выполнен только частично. (0x12B)
[1109/183443.280:WARNING:pe_image_reader.cc(340)] could not read dos header from C:\Windows\SYSTEM32\UxTheme.dll
[1109/183443.280:ERROR:process_memory_win.cc(73)] ReadMemory at 0x7ff8c98b0000 of 64 bytes failed: Запрос ReadProcessMemory или WriteProcessMemory был выполнен только частично. (0x12B)
[1109/183443.280:WARNING:pe_image_reader.cc(340)] could not read dos header from C:\Windows\SYSTEM32\HID.DLL
[1109/183443.280:ERROR:process_memory_win.cc(73)] ReadMemory at 0x7ff8c3f00000 of 64 bytes failed: Запрос ReadProcessMemory или WriteProcessMemory был выполнен только частично. (0x12B)
[1109/183443.280:WARNING:pe_image_reader.cc(340)] could not read dos header from C:\Windows\SYSTEM32\VERSION.dll
[1109/183443.281:ERROR:process_memory_win.cc(73)] ReadMemory at 0x7ff8b7b70000 of 64 bytes failed: Запрос ReadProcessMemory или WriteProcessMemory был выполнен только частично. (0x12B)
[1109/183443.281:WARNING:pe_image_reader.cc(340)] could not read dos header from C:\Windows\SYSTEM32\dbghelp.dll
[1109/183443.281:ERROR:process_memory_win.cc(73)] ReadMemory at 0x7ff8cabe0000 of 64 bytes failed: Запрос ReadProcessMemory или WriteProcessMemory был выполнен только частично. (0x12B)
[1109/183443.281:WARNING:pe_image_reader.cc(340)] could not read dos header from C:\Windows\SYSTEM32\USERENV.dll
[1109/183443.281:ERROR:process_memory_win.cc(73)] ReadMemory at 0x7ff8c7650000 of 64 bytes failed: Запрос ReadProcessMemory или WriteProcessMemory был выполнен только частично. (0x12B)
[1109/183443.281:WARNING:pe_image_reader.cc(340)] could not read dos header from C:\Windows\SYSTEM32\PROPSYS.dll
[1109/183443.281:ERROR:process_memory_win.cc(73)] ReadMemory at 0x7ff8ca7e0000 of 64 bytes failed: Запрос ReadProcessMemory или WriteProcessMemory был выполнен только частично. (0x12B)
[1109/183443.281:WARNING:pe_image_reader.cc(340)] could not read dos header from C:\Windows\SYSTEM32\ncrypt.dll
[1109/183443.281:ERROR:process_memory_win.cc(73)] ReadMemory at 0x7ff8cbbe0000 of 64 bytes failed: Запрос ReadProcessMemory или WriteProcessMemory был выполнен только частично. (0x12B)
[1109/183443.281:WARNING:pe_image_reader.cc(340)] could not read dos header from C:\Windows\System32\bcrypt.dll
[1109/183443.281:ERROR:process_memory_win.cc(73)] ReadMemory at 0x7ff8bdb50000 of 64 bytes failed: Запрос ReadProcessMemory или WriteProcessMemory был выполнен только частично. (0x12B)
[1109/183443.281:WARNING:pe_image_reader.cc(340)] could not read dos header from C:\Windows\SYSTEM32\DWrite.dll
[1109/183443.281:ERROR:process_memory_win.cc(73)] ReadMemory at 0x7ff8aecb0000 of 64 bytes failed: Запрос ReadProcessMemory или WriteProcessMemory был выполнен только частично. (0x12B)
[1109/183443.281:WARNING:pe_image_reader.cc(340)] could not read dos header from C:\Windows\SYSTEM32\USP10.dll
[1109/183443.281:ERROR:process_memory_win.cc(73)] ReadMemory at 0x7ff8c44e0000 of 64 bytes failed: Запрос ReadProcessMemory или WriteProcessMemory был выполнен только частично. (0x12B)
[1109/183443.281:WARNING:pe_image_reader.cc(340)] could not read dos header from C:\Windows\SYSTEM32\d3d9.dll
[1109/183443.281:ERROR:process_memory_win.cc(73)] ReadMemory at 0x7ff8ac450000 of 64 bytes failed: Запрос ReadProcessMemory или WriteProcessMemory был выполнен только частично. (0x12B)
[1109/183443.281:WARNING:pe_image_reader.cc(340)] could not read dos header from C:\Windows\SYSTEM32\dxva2.dll
[1109/183443.281:ERROR:process_memory_win.cc(73)] ReadMemory at 0x7ff8c8010000 of 64 bytes failed: Запрос ReadProcessMemory или WriteProcessMemory был выполнен только частично. (0x12B)
[1109/183443.281:WARNING:pe_image_reader.cc(340)] could not read dos header from C:\Windows\SYSTEM32\d3d11.dll
[1109/183443.281:ERROR:process_memory_win.cc(73)] ReadMemory at 0x7ff8b6090000 of 64 bytes failed: Запрос ReadProcessMemory или WriteProcessMemory был выполнен только частично. (0x12B)
[1109/183443.281:WARNING:pe_image_reader.cc(340)] could not read dos header from C:\Windows\SYSTEM32\Secur32.dll
[1109/183443.281:ERROR:process_memory_win.cc(73)] ReadMemory at 0x7ff8bf0b0000 of 64 bytes failed: Запрос ReadProcessMemory или WriteProcessMemory был выполнен только частично. (0x12B)
[1109/183443.281:WARNING:pe_image_reader.cc(340)] could not read dos header from C:\Windows\SYSTEM32\urlmon.dll
[1109/183443.282:ERROR:process_memory_win.cc(73)] ReadMemory at 0x7ff8bff10000 of 64 bytes failed: Запрос ReadProcessMemory или WriteProcessMemory был выполнен только частично. (0x12B)
[1109/183443.282:WARNING:pe_image_reader.cc(340)] could not read dos header from C:\Windows\SYSTEM32\WINHTTP.dll
[1109/183443.282:ERROR:process_memory_win.cc(73)] ReadMemory at 0x7ff8c2940000 of 64 bytes failed: Запрос ReadProcessMemory или WriteProcessMemory был выполнен только частично. (0x12B)
[1109/183443.282:WARNING:pe_image_reader.cc(340)] could not read dos header from C:\Windows\SYSTEM32\dhcpcsvc.DLL
[1109/183443.282:ERROR:process_memory_win.cc(73)] ReadMemory at 0x7ff8cc340000 of 64 bytes failed: Запрос ReadProcessMemory или WriteProcessMemory был выполнен только частично. (0x12B)
[1109/183443.282:WARNING:pe_image_reader.cc(340)] could not read dos header from C:\Windows\System32\NSI.dll
[1109/183443.282:ERROR:process_memory_win.cc(73)] ReadMemory at 0x7ff8c7920000 of 64 bytes failed: Запрос ReadProcessMemory или WriteProcessMemory был выполнен только частично. (0x12B)
[1109/183443.282:WARNING:pe_image_reader.cc(340)] could not read dos header from C:\Windows\SYSTEM32\winmmbase.dll
[1109/183443.282:ERROR:process_memory_win.cc(73)] ReadMemory at 0x7ff8ca7a0000 of 64 bytes failed: Запрос ReadProcessMemory или WriteProcessMemory был выполнен только частично. (0x12B)
[1109/183443.282:WARNING:pe_image_reader.cc(340)] could not read dos header from C:\Windows\SYSTEM32\NTASN1.dll
[1109/183443.282:ERROR:process_memory_win.cc(73)] ReadMemory at 0x7ff8bd680000 of 64 bytes failed: Запрос ReadProcessMemory или WriteProcessMemory был выполнен только частично. (0x12B)
[1109/183443.282:WARNING:pe_image_reader.cc(340)] could not read dos header from C:\Windows\SYSTEM32\iertutil.dll
[1109/183443.282:ERROR:process_memory_win.cc(73)] ReadMemory at 0x7ff8caba0000 of 64 bytes failed: Запрос ReadProcessMemory или WriteProcessMemory был выполнен только частично. (0x12B)
[1109/183443.282:WARNING:pe_image_reader.cc(340)] could not read dos header from C:\Windows\SYSTEM32\SSPICLI.DLL
[1109/183443.282:ERROR:process_memory_win.cc(73)] ReadMemory at 0x7ff8ca6e0000 of 64 bytes failed: Запрос ReadProcessMemory или WriteProcessMemory был выполнен только частично. (0x12B)
[1109/183443.282:WARNING:pe_image_reader.cc(340)] could not read dos header from C:\Windows\SYSTEM32\CRYPTBASE.DLL
[1109/183443.282:ERROR:process_memory_win.cc(73)] ReadMemory at 0x7ff8c9910000 of 64 bytes failed: Запрос ReadProcessMemory или WriteProcessMemory был выполнен только частично. (0x12B)
[1109/183443.282:WARNING:pe_image_reader.cc(340)] could not read dos header from C:\Windows\SYSTEM32\dxcore.dll
[1109/183443.282:ERROR:process_memory_win.cc(73)] ReadMemory at 0x7ff8ca510000 of 64 bytes failed: Запрос ReadProcessMemory или WriteProcessMemory был выполнен только частично. (0x12B)
[1109/183443.282:WARNING:pe_image_reader.cc(340)] could not read dos header from C:\Windows\system32\mswsock.dll
[1109/183443.282:ERROR:process_memory_win.cc(73)] ReadMemory at 0x7ff760730000 of 64 bytes failed: Запрос ReadProcessMemory или WriteProcessMemory был выполнен только частично. (0x12B)
[1109/183443.282:WARNING:pe_image_reader.cc(340)] could not read dos header from C:\Program Files\Microsoft VS Code\Code.exe
[1109/183443.282:ERROR:process_memory_win.cc(73)] ReadMemory at 0x7ff8cde00000 of 64 bytes failed: Запрос ReadProcessMemory или WriteProcessMemory был выполнен только частично. (0x12B)
[1109/183443.282:WARNING:pe_image_reader.cc(340)] could not read dos header from C:\Windows\SYSTEM32\ntdll.dll
[1109/183443.282:ERROR:process_memory_win.cc(73)] ReadMemory at 0x7ff8cd900000 of 64 bytes failed: Запрос ReadProcessMemory или WriteProcessMemory был выполнен только частично. (0x12B)
[1109/183443.283:WARNING:pe_image_reader.cc(340)] could not read dos header from C:\Windows\System32\KERNEL32.DLL
[1109/183443.283:ERROR:process_memory_win.cc(73)] ReadMemory at 0x7ff8cae60000 of 64 bytes failed: Запрос ReadProcessMemory или WriteProcessMemory был выполнен только частично. (0x12B)
[1109/183443.283:WARNING:pe_image_reader.cc(340)] could not read dos header from C:\Windows\System32\KERNELBASE.dll
[1109/183443.283:ERROR:process_memory_win.cc(73)] ReadMemory at 0x7ff8cd4e0000 of 64 bytes failed: Запрос ReadProcessMemory или WriteProcessMemory был выполнен только частично. (0x12B)
[1109/183443.283:WARNING:pe_image_reader.cc(340)] could not read dos header from C:\Windows\System32\GDI32.dll
[1109/183443.283:ERROR:process_memory_win.cc(73)] ReadMemory at 0x7ff8cb110000 of 64 bytes failed: Запрос ReadProcessMemory или WriteProcessMemory был выполнен только частично. (0x12B)
[1109/183443.283:WARNING:pe_image_reader.cc(340)] could not read dos header from C:\Windows\System32\win32u.dll
[1109/183443.283:ERROR:process_memory_win.cc(73)] ReadMemory at 0x7ff8cb9c0000 of 64 bytes failed: Запрос ReadProcessMemory или WriteProcessMemory был выполнен только частично. (0x12B)
[1109/183443.283:WARNING:pe_image_reader.cc(340)] could not read dos header from C:\Windows\System32\gdi32full.dll
[1109/183443.283:ERROR:process_memory_win.cc(73)] ReadMemory at 0x7ff8cbc10000 of 64 bytes failed: Запрос ReadProcessMemory или WriteProcessMemory был выполнен только частично. (0x12B)
[1109/183443.283:WARNING:pe_image_reader.cc(340)] could not read dos header from C:\Windows\System32\msvcp_win.dll
[1109/183443.283:ERROR:process_memory_win.cc(73)] ReadMemory at 0x7ff8cb140000 of 64 bytes failed: Запрос ReadProcessMemory или WriteProcessMemory был выполнен только частично. (0x12B)
[1109/183443.283:WARNING:pe_image_reader.cc(340)] could not read dos header from C:\Windows\System32\ucrtbase.dll
[1109/183443.283:ERROR:process_memory_win.cc(73)] ReadMemory at 0x7ff899b10000 of 64 bytes failed: Запрос ReadProcessMemory или WriteProcessMemory был выполнен только частично. (0x12B)
[1109/183443.283:WARNING:pe_image_reader.cc(340)] could not read dos header from C:\Program Files\Microsoft VS Code\ffmpeg.dll
[1109/183443.283:ERROR:process_memory_win.cc(73)] ReadMemory at 0x7ff8cbeb0000 of 64 bytes failed: Запрос ReadProcessMemory или WriteProcessMemory был выполнен только частично. (0x12B)
[1109/183443.283:WARNING:pe_image_reader.cc(340)] could not read dos header from C:\Windows\System32\USER32.dll
[1109/183443.283:ERROR:process_memory_win.cc(73)] ReadMemory at 0x7ff8cdc80000 of 64 bytes failed: Запрос ReadProcessMemory или WriteProcessMemory был выполнен только частично. (0x12B)
[1109/183443.283:WARNING:pe_image_reader.cc(340)] could not read dos header from C:\Windows\System32\OLEAUT32.dll
[1109/183443.283:ERROR:process_memory_win.cc(73)] ReadMemory at 0x7ff8cd510000 of 64 bytes failed: Запрос ReadProcessMemory или WriteProcessMemory был выполнен только частично. (0x12B)
[1109/183443.283:WARNING:pe_image_reader.cc(340)] could not read dos header from C:\Windows\System32\combase.dll
[1109/183443.283:ERROR:process_memory_win.cc(73)] ReadMemory at 0x7ff8cc3f0000 of 64 bytes failed: Запрос ReadProcessMemory или WriteProcessMemory был выполнен только частично. (0x12B)
[1109/183443.283:WARNING:pe_image_reader.cc(340)] could not read dos header from C:\Windows\System32\RPCRT4.dll
[1109/183443.284:ERROR:process_memory_win.cc(73)] ReadMemory at 0x7ff8cbb60000 of 64 bytes failed: Запрос ReadProcessMemory или WriteProcessMemory был выполнен только частично. (0x12B)
[1109/183443.284:WARNING:pe_image_reader.cc(340)] could not read dos header from C:\Windows\System32\bcryptPrimitives.dll
[1109/183443.284:ERROR:process_memory_win.cc(73)] ReadMemory at 0x7ff8ccbe0000 of 64 bytes failed: Запрос ReadProcessMemory или WriteProcessMemory был выполнен только частично. (0x12B)
[1109/183443.284:WARNING:pe_image_reader.cc(340)] could not read dos header from C:\Windows\System32\SHELL32.dll
[1109/183443.284:ERROR:process_memory_win.cc(73)] ReadMemory at 0x7ff8bcdb0000 of 64 bytes failed: Запрос ReadProcessMemory или WriteProcessMemory был выполнен только частично. (0x12B)
[1109/183443.284:WARNING:pe_image_reader.cc(340)] could not read dos header from C:\Windows\WinSxS\amd64_microsoft.windows.common-controls_6595b64144ccf1df_6.0.18362.1139_none_9e7bf2d3e4605ac6\COMCTL32.dll
[1109/183443.284:ERROR:process_memory_win.cc(73)] ReadMemory at 0x7ff8cdbd0000 of 64 bytes failed: Запрос ReadProcessMemory или WriteProcessMemory был выполнен только частично. (0x12B)
[1109/183443.284:WARNING:pe_image_reader.cc(340)] could not read dos header from C:\Windows\System32\msvcrt.dll
[1109/183443.284:ERROR:process_memory_win.cc(73)] ReadMemory at 0x7ff8ac940000 of 64 bytes failed: Запрос ReadProcessMemory или WriteProcessMemory был выполнен только частично. (0x12B)
[1109/183443.284:WARNING:pe_image_reader.cc(340)] could not read dos header from C:\Windows\SYSTEM32\UIAutomationCore.DLL
[1109/183443.284:ERROR:process_memory_win.cc(73)] ReadMemory at 0x7ff8cbe60000 of 64 bytes failed: Запрос ReadProcessMemory или WriteProcessMemory был выполнен только частично. (0x12B)
[1109/183443.284:WARNING:pe_image_reader.cc(340)] could not read dos header from C:\Windows\System32\cfgmgr32.dll
[1109/183443.284:ERROR:process_memory_win.cc(73)] ReadMemory at 0x7ff8c7770000 of 64 bytes failed: Запрос ReadProcessMemory или WriteProcessMemory был выполнен только частично. (0x12B)
[1109/183443.284:WARNING:pe_image_reader.cc(340)] could not read dos header from C:\Windows\SYSTEM32\WTSAPI32.dll
[1109/183443.285:ERROR:process_memory_win.cc(73)] ReadMemory at 0x7ff8cc510000 of 64 bytes failed: Запрос ReadProcessMemory или WriteProcessMemory был выполнен только частично. (0x12B)
[1109/183443.285:WARNING:pe_image_reader.cc(340)] could not read dos header from C:\Windows\System32\shcore.dll
[1109/183443.285:ERROR:process_memory_win.cc(73)] ReadMemory at 0x7ff8cb240000 of 64 bytes failed: Запрос ReadProcessMemory или WriteProcessMemory был выполнен только частично. (0x12B)
[1109/183443.285:WARNING:pe_image_reader.cc(340)] could not read dos header from C:\Windows\System32\windows.storage.dll
[1109/183443.285:ERROR:process_memory_win.cc(73)] ReadMemory at 0x7ff8cc350000 of 64 bytes failed: Запрос ReadProcessMemory или WriteProcessMemory был выполнен только частично. (0x12B)
[1109/183443.285:WARNING:pe_image_reader.cc(340)] could not read dos header from C:\Windows\System32\sechost.dll
[1109/183443.285:ERROR:process_memory_win.cc(73)] ReadMemory at 0x7ff8cd850000 of 64 bytes failed: Запрос ReadProcessMemory или WriteProcessMemory был выполнен только частично. (0x12B)
[1109/183443.285:WARNING:pe_image_reader.cc(340)] could not read dos header from C:\Windows\System32\advapi32.dll
[1109/183443.285:ERROR:process_memory_win.cc(73)] ReadMemory at 0x7ff8cad40000 of 64 bytes failed: Запрос ReadProcessMemory или WriteProcessMemory был выполнен только частично. (0x12B)
[1109/183443.285:WARNING:pe_image_reader.cc(340)] could not read dos header from C:\Windows\System32\profapi.dll
[1109/183443.285:ERROR:process_memory_win.cc(73)] ReadMemory at 0x7ff8cacd0000 of 64 bytes failed: Запрос ReadProcessMemory или WriteProcessMemory был выполнен только частично. (0x12B)
[1109/183443.285:WARNING:pe_image_reader.cc(340)] could not read dos header from C:\Windows\System32\powrprof.dll
[1109/183443.285:ERROR:process_memory_win.cc(73)] ReadMemory at 0x7ff8cacc0000 of 64 bytes failed: Запрос ReadProcessMemory или WriteProcessMemory был выполнен только частично. (0x12B)
[1109/183443.285:WARNING:pe_image_reader.cc(340)] could not read dos header from C:\Windows\System32\UMPDC.dll
[1109/183443.285:ERROR:process_memory_win.cc(73)] ReadMemory at 0x7ff8cd9c0000 of 64 bytes failed: Запрос ReadProcessMemory или WriteProcessMemory был выполнен только частично. (0x12B)
[1109/183443.285:WARNING:pe_image_reader.cc(340)] could not read dos header from C:\Windows\System32\shlwapi.dll
[1109/183443.285:ERROR:process_memory_win.cc(73)] ReadMemory at 0x7ff8cad70000 of 64 bytes failed: Запрос ReadProcessMemory или WriteProcessMemory был выполнен только частично. (0x12B)
[1109/183443.285:WARNING:pe_image_reader.cc(340)] could not read dos header from C:\Windows\System32\kernel.appcore.dll
[1109/183443.285:ERROR:process_memory_win.cc(73)] ReadMemory at 0x7ff8cad90000 of 64 bytes failed: Запрос ReadProcessMemory или WriteProcessMemory был выполнен только частично. (0x12B)
[1109/183443.285:WARNING:pe_image_reader.cc(340)] could not read dos header from C:\Windows\System32\cryptsp.dll
[1109/183443.286:ERROR:process_memory_win.cc(73)] ReadMemory at 0x7ff8ccb00000 of 64 bytes failed: Запрос ReadProcessMemory или WriteProcessMemory был выполнен только частично. (0x12B)
[1109/183443.286:WARNING:pe_image_reader.cc(340)] could not read dos header from C:\Windows\System32\WS2_32.dll
[1109/183443.286:ERROR:process_memory_win.cc(73)] ReadMemory at 0x7ff8cbcb0000 of 64 bytes failed: Запрос ReadProcessMemory или WriteProcessMemory был выполнен только частично. (0x12B)
[1109/183443.286:WARNING:pe_image_reader.cc(340)] could not read dos header from C:\Windows\System32\CRYPT32.dll
[1109/183443.286:ERROR:process_memory_win.cc(73)] ReadMemory at 0x7ff8cad20000 of 64 bytes failed: Запрос ReadProcessMemory или WriteProcessMemory был выполнен только частично. (0x12B)
[1109/183443.286:WARNING:pe_image_reader.cc(340)] could not read dos header from C:\Windows\System32\MSASN1.dll
[1109/183443.286:ERROR:process_memory_win.cc(73)] ReadMemory at 0x7ff8bcca0000 of 64 bytes failed: Запрос ReadProcessMemory или WriteProcessMemory был выполнен только частично. (0x12B)
[1109/183443.286:WARNING:pe_image_reader.cc(340)] could not read dos header from C:\Windows\SYSTEM32\MSIMG32.dll
[1109/183443.286:ERROR:process_memory_win.cc(73)] ReadMemory at 0x7ff8cd410000 of 64 bytes failed: Запрос ReadProcessMemory или WriteProcessMemory был выполнен только частично. (0x12B)
[1109/183443.286:WARNING:pe_image_reader.cc(340)] could not read dos header from C:\Windows\System32\COMDLG32.dll
[1109/183443.286:ERROR:process_memory_win.cc(73)] ReadMemory at 0x7ff8cc290000 of 64 bytes failed: Запрос ReadProcessMemory или WriteProcessMemory был выполнен только частично. (0x12B)
[1109/183443.286:WARNING:pe_image_reader.cc(340)] could not read dos header from C:\Windows\System32\IMM32.dll
[1109/183443.286:ERROR:process_memory_win.cc(73)] ReadMemory at 0x7ff8c7950000 of 64 bytes failed: Запрос ReadProcessMemory или WriteProcessMemory был выполнен только частично. (0x12B)
[1109/183443.286:WARNING:pe_image_reader.cc(340)] could not read dos header from C:\Windows\SYSTEM32\WINMM.dll
[1109/183443.286:ERROR:process_memory_win.cc(73)] ReadMemory at 0x7ff8c9440000 of 64 bytes failed: Запрос ReadProcessMemory или WriteProcessMemory был выполнен только частично. (0x12B)
[1109/183443.286:WARNING:pe_image_reader.cc(340)] could not read dos header from C:\Windows\SYSTEM32\dwmapi.dll
[1109/183443.286:ERROR:process_memory_win.cc(73)] ReadMemory at 0x7ff8ca220000 of 64 bytes failed: Запрос ReadProcessMemory или WriteProcessMemory был выполнен только частично. (0x12B)
[1109/183443.286:WARNING:pe_image_reader.cc(340)] could not read dos header from C:\Windows\SYSTEM32\IPHLPAPI.DLL
[1109/183443.286:ERROR:process_memory_win.cc(73)] ReadMemory at 0x7ff8bccb0000 of 64 bytes failed: Запрос ReadProcessMemory или WriteProcessMemory был выполнен только частично. (0x12B)
[1109/183443.286:WARNING:pe_image_reader.cc(340)] could not read dos header from C:\Windows\SYSTEM32\OLEACC.dll
[1109/183443.286:ERROR:process_memory_win.cc(73)] ReadMemory at 0x7ff8c99a0000 of 64 bytes failed: Запрос ReadProcessMemory или WriteProcessMemory был выполнен только частично. (0x12B)
[1109/183443.286:WARNING:pe_image_reader.cc(340)] could not read dos header from C:\Windows\SYSTEM32\dxgi.dll
[1109/183443.287:ERROR:process_memory_win.cc(73)] ReadMemory at 0x7ff8c9010000 of 64 bytes failed: Запрос ReadProcessMemory или WriteProcessMemory был выполнен только частично. (0x12B)
[1109/183443.287:WARNING:pe_image_reader.cc(340)] could not read dos header from C:\Windows\SYSTEM32\UxTheme.dll
[1109/183443.287:ERROR:process_memory_win.cc(73)] ReadMemory at 0x7ff8c98b0000 of 64 bytes failed: Запрос ReadProcessMemory или WriteProcessMemory был выполнен только частично. (0x12B)
[1109/183443.287:WARNING:pe_image_reader.cc(340)] could not read dos header from C:\Windows\SYSTEM32\HID.DLL
[1109/183443.287:ERROR:process_memory_win.cc(73)] ReadMemory at 0x7ff8c3f00000 of 64 bytes failed: Запрос ReadProcessMemory или WriteProcessMemory был выполнен только частично. (0x12B)
[1109/183443.287:WARNING:pe_image_reader.cc(340)] could not read dos header from C:\Windows\SYSTEM32\VERSION.dll
[1109/183443.287:ERROR:process_memory_win.cc(73)] ReadMemory at 0x7ff8b7b70000 of 64 bytes failed: Запрос ReadProcessMemory или WriteProcessMemory был выполнен только частично. (0x12B)
[1109/183443.287:WARNING:pe_image_reader.cc(340)] could not read dos header from C:\Windows\SYSTEM32\dbghelp.dll
[1109/183443.287:ERROR:process_memory_win.cc(73)] ReadMemory at 0x7ff8cabe0000 of 64 bytes failed: Запрос ReadProcessMemory или WriteProcessMemory был выполнен только частично. (0x12B)
[1109/183443.287:WARNING:pe_image_reader.cc(340)] could not read dos header from C:\Windows\SYSTEM32\USERENV.dll
[1109/183443.287:ERROR:process_memory_win.cc(73)] ReadMemory at 0x7ff8c7650000 of 64 bytes failed: Запрос ReadProcessMemory или WriteProcessMemory был выполнен только частично. (0x12B)
[1109/183443.287:WARNING:pe_image_reader.cc(340)] could not read dos header from C:\Windows\SYSTEM32\PROPSYS.dll
[1109/183443.287:ERROR:process_memory_win.cc(73)] ReadMemory at 0x7ff8ca7e0000 of 64 bytes failed: Запрос ReadProcessMemory или WriteProcessMemory был выполнен только частично. (0x12B)
[1109/183443.287:WARNING:pe_image_reader.cc(340)] could not read dos header from C:\Windows\SYSTEM32\ncrypt.dll
[1109/183443.287:ERROR:process_memory_win.cc(73)] ReadMemory at 0x7ff8cbbe0000 of 64 bytes failed: Запрос ReadProcessMemory или WriteProcessMemory был выполнен только частично. (0x12B)
[1109/183443.287:WARNING:pe_image_reader.cc(340)] could not read dos header from C:\Windows\System32\bcrypt.dll
[1109/183443.287:ERROR:process_memory_win.cc(73)] ReadMemory at 0x7ff8bdb50000 of 64 bytes failed: Запрос ReadProcessMemory или WriteProcessMemory был выполнен только частично. (0x12B)
[1109/183443.287:WARNING:pe_image_reader.cc(340)] could not read dos header from C:\Windows\SYSTEM32\DWrite.dll
[1109/183443.287:ERROR:process_memory_win.cc(73)] ReadMemory at 0x7ff8aecb0000 of 64 bytes failed: Запрос ReadProcessMemory или WriteProcessMemory был выполнен только частично. (0x12B)
[1109/183443.287:WARNING:pe_image_reader.cc(340)] could not read dos header from C:\Windows\SYSTEM32\USP10.dll
[1109/183443.288:ERROR:process_memory_win.cc(73)] ReadMemory at 0x7ff8c44e0000 of 64 bytes failed: Запрос ReadProcessMemory или WriteProcessMemory был выполнен только частично. (0x12B)
[1109/183443.288:WARNING:pe_image_reader.cc(340)] could not read dos header from C:\Windows\SYSTEM32\d3d9.dll
[1109/183443.288:ERROR:process_memory_win.cc(73)] ReadMemory at 0x7ff8ac450000 of 64 bytes failed: Запрос ReadProcessMemory или WriteProcessMemory был выполнен только частично. (0x12B)
[1109/183443.288:WARNING:pe_image_reader.cc(340)] could not read dos header from C:\Windows\SYSTEM32\dxva2.dll
[1109/183443.288:ERROR:process_memory_win.cc(73)] ReadMemory at 0x7ff8c8010000 of 64 bytes failed: Запрос ReadProcessMemory или WriteProcessMemory был выполнен только частично. (0x12B)
[1109/183443.288:WARNING:pe_image_reader.cc(340)] could not read dos header from C:\Windows\SYSTEM32\d3d11.dll
[1109/183443.288:ERROR:process_memory_win.cc(73)] ReadMemory at 0x7ff8b6090000 of 64 bytes failed: Запрос ReadProcessMemory или WriteProcessMemory был выполнен только частично. (0x12B)
[1109/183443.288:WARNING:pe_image_reader.cc(340)] could not read dos header from C:\Windows\SYSTEM32\Secur32.dll
[1109/183443.288:ERROR:process_memory_win.cc(73)] ReadMemory at 0x7ff8bf0b0000 of 64 bytes failed: Запрос ReadProcessMemory или WriteProcessMemory был выполнен только частично. (0x12B)
[1109/183443.288:WARNING:pe_image_reader.cc(340)] could not read dos header from C:\Windows\SYSTEM32\urlmon.dll
[1109/183443.288:ERROR:process_memory_win.cc(73)] ReadMemory at 0x7ff8bff10000 of 64 bytes failed: Запрос ReadProcessMemory или WriteProcessMemory был выполнен только частично. (0x12B)
[1109/183443.288:WARNING:pe_image_reader.cc(340)] could not read dos header from C:\Windows\SYSTEM32\WINHTTP.dll
[1109/183443.288:ERROR:process_memory_win.cc(73)] ReadMemory at 0x7ff8c2940000 of 64 bytes failed: Запрос ReadProcessMemory или WriteProcessMemory был выполнен только частично. (0x12B)
[1109/183443.288:WARNING:pe_image_reader.cc(340)] could not read dos header from C:\Windows\SYSTEM32\dhcpcsvc.DLL
[1109/183443.288:ERROR:process_memory_win.cc(73)] ReadMemory at 0x7ff8cc340000 of 64 bytes failed: Запрос ReadProcessMemory или WriteProcessMemory был выполнен только частично. (0x12B)
[1109/183443.288:WARNING:pe_image_reader.cc(340)] could not read dos header from C:\Windows\System32\NSI.dll
[1109/183443.288:ERROR:process_memory_win.cc(73)] ReadMemory at 0x7ff8c7920000 of 64 bytes failed: Запрос ReadProcessMemory или WriteProcessMemory был выполнен только частично. (0x12B)
[1109/183443.288:WARNING:pe_image_reader.cc(340)] could not read dos header from C:\Windows\SYSTEM32\winmmbase.dll
[1109/183443.288:ERROR:process_memory_win.cc(73)] ReadMemory at 0x7ff8ca7a0000 of 64 bytes failed: Запрос ReadProcessMemory или WriteProcessMemory был выполнен только частично. (0x12B)
[1109/183443.288:WARNING:pe_image_reader.cc(340)] could not read dos header from C:\Windows\SYSTEM32\NTASN1.dll
[1109/183443.288:ERROR:process_memory_win.cc(73)] ReadMemory at 0x7ff8bd680000 of 64 bytes failed: Запрос ReadProcessMemory или WriteProcessMemory был выполнен только частично. (0x12B)
[1109/183443.289:WARNING:pe_image_reader.cc(340)] could not read dos header from C:\Windows\SYSTEM32\iertutil.dll
[1109/183443.289:ERROR:process_memory_win.cc(73)] ReadMemory at 0x7ff8caba0000 of 64 bytes failed: Запрос ReadProcessMemory или WriteProcessMemory был выполнен только частично. (0x12B)
[1109/183443.289:WARNING:pe_image_reader.cc(340)] could not read dos header from C:\Windows\SYSTEM32\SSPICLI.DLL
[1109/183443.289:ERROR:process_memory_win.cc(73)] ReadMemory at 0x7ff8ca6e0000 of 64 bytes failed: Запрос ReadProcessMemory или WriteProcessMemory был выполнен только частично. (0x12B)
[1109/183443.289:WARNING:pe_image_reader.cc(340)] could not read dos header from C:\Windows\SYSTEM32\CRYPTBASE.DLL
[1109/183443.289:ERROR:process_memory_win.cc(73)] ReadMemory at 0x7ff8c9910000 of 64 bytes failed: Запрос ReadProcessMemory или WriteProcessMemory был выполнен только частично. (0x12B)
[1109/183443.289:WARNING:pe_image_reader.cc(340)] could not read dos header from C:\Windows\SYSTEM32\dxcore.dll
[1109/183443.289:ERROR:process_memory_win.cc(73)] ReadMemory at 0x7ff8ca510000 of 64 bytes failed: Запрос ReadProcessMemory или WriteProcessMemory был выполнен только частично. (0x12B)
[1109/183443.289:WARNING:pe_image_reader.cc(340)] could not read dos header from C:\Windows\system32\mswsock.dll
[1109/183443.307:ERROR:process_memory_win.cc(73)] ReadMemory at 0x5b898fc000 of 16384 bytes failed: Запрос ReadProcessMemory или WriteProcessMemory был выполнен только частично. (0x12B)
[1109/183443.307:ERROR:process_memory_win.cc(73)] ReadMemory at 0x5b899fe000 of 8192 bytes failed: Запрос ReadProcessMemory или WriteProcessMemory был выполнен только частично. (0x12B)
[1109/183443.307:ERROR:process_memory_win.cc(73)] ReadMemory at 0x5b89afd000 of 12288 bytes failed: Запрос ReadProcessMemory или WriteProcessMemory был выполнен только частично. (0x12B)
[1109/183443.308:ERROR:process_memory_win.cc(73)] ReadMemory at 0x5b896cd000 of 852 bytes failed: Запрос ReadProcessMemory или WriteProcessMemory был выполнен только частично. (0x12B)
[1109/183443.308:ERROR:process_memory_win.cc(73)] ReadMemory at 0x5b896ce000 of 6024 bytes failed: Запрос ReadProcessMemory или WriteProcessMemory был выполнен только частично. (0x12B)
[1109/183443.308:ERROR:process_memory_win.cc(73)] ReadMemory at 0x5b896d0000 of 6024 bytes failed: Запрос ReadProcessMemory или WriteProcessMemory был выполнен только частично. (0x12B)
[1109/183443.308:ERROR:process_memory_win.cc(73)] ReadMemory at 0x5b896d2000 of 6024 bytes failed: Запрос ReadProcessMemory или WriteProcessMemory был выполнен только частично. (0x12B)
[1109/183443.308:ERROR:process_memory_win.cc(73)] ReadMemory at 0x184957a0750 of 60 bytes failed: Запрос ReadProcessMemory или WriteProcessMemory был выполнен только частично. (0x12B)
[1109/183443.308:ERROR:process_memory_win.cc(73)] ReadMemory at 0x184957a0fe0 of 5834 bytes failed: Запрос ReadProcessMemory или WriteProcessMemory был выполнен только частично. (0x12B)
[1109/183443.308:ERROR:process_memory_win.cc(73)] ReadMemory at 0x184957a26c0 of 1012 bytes failed: Запрос ReadProcessMemory или WriteProcessMemory был выполнен только частично. (0x12B)
[1109/183443.309:ERROR:process_memory_win.cc(73)] ReadMemory at 0x184957a2d08 of 86 bytes failed: Запрос ReadProcessMemory или WriteProcessMemory был выполнен только частично. (0x12B)
[1109/183443.309:ERROR:process_memory_win.cc(73)] ReadMemory at 0x184957a2d60 of 316 bytes failed: Запрос ReadProcessMemory или WriteProcessMemory был выполнен только частично. (0x12B)
[1109/183443.309:ERROR:process_memory_win.cc(73)] ReadMemory at 0x184957a2e9e of 86 bytes failed: Запрос ReadProcessMemory или WriteProcessMemory был выполнен только частично. (0x12B)
[1109/183443.309:ERROR:process_memory_win.cc(73)] ReadMemory at 0x184957a2ef6 of 30 bytes failed: Запрос ReadProcessMemory или WriteProcessMemory был выполнен только частично. (0x12B)
[1109/183443.309:ERROR:process_memory_win.cc(73)] ReadMemory at 0x184957a2f18 of 40 bytes failed: Запрос ReadProcessMemory или WriteProcessMemory был выполнен только частично. (0x12B)
[1109/183443.309:ERROR:process_memory_win.cc(73)] ReadMemory at 0x184957a2f50 of 58 bytes failed: Запрос ReadProcessMemory или WriteProcessMemory был выполнен только частично. (0x12B)
[1109/183443.309:ERROR:process_memory_win.cc(73)] ReadMemory at 0x184957a3050 of 132 bytes failed: Запрос ReadProcessMemory или WriteProcessMemory был выполнен только частично. (0x12B)
[1109/183443.309:ERROR:process_memory_win.cc(73)] ReadMemory at 0x184957a31e0 of 132 bytes failed: Запрос ReadProcessMemory или WriteProcessMemory был выполнен только частично. (0x12B)
[1109/183443.309:ERROR:process_memory_win.cc(73)] ReadMemory at 0x184957a33a0 of 70 bytes failed: Запрос ReadProcessMemory или WriteProcessMemory был выполнен только частично. (0x12B)
[1109/183443.309:ERROR:process_memory_win.cc(73)] ReadMemory at 0x184957a3900 of 132 bytes failed: Запрос ReadProcessMemory или WriteProcessMemory был выполнен только частично. (0x12B)
[1109/183443.309:ERROR:process_memory_win.cc(73)] ReadMemory at 0x184957a3a60 of 512 bytes failed: Запрос ReadProcessMemory или WriteProcessMemory был выполнен только частично. (0x12B)
[1109/183443.309:ERROR:process_memory_win.cc(73)] ReadMemory at 0x184957a3d98 of 512 bytes failed: Запрос ReadProcessMemory или WriteProcessMemory был выполнен только частично. (0x12B)
[1109/183443.309:ERROR:process_memory_win.cc(73)] ReadMemory at 0x184957a4044 of 512 bytes failed: Запрос ReadProcessMemory или WriteProcessMemory был выполнен только частично. (0x12B)
[1109/183443.310:ERROR:process_memory_win.cc(73)] ReadMemory at 0x184957a50e0 of 132 bytes failed: Запрос ReadProcessMemory или WriteProcessMemory был выполнен только частично. (0x12B)
[1109/183443.310:ERROR:process_memory_win.cc(73)] ReadMemory at 0x184957a52e0 of 512 bytes failed: Запрос ReadProcessMemory или WriteProcessMemory был выполнен только частично. (0x12B)
[1109/183443.310:ERROR:process_memory_win.cc(73)] ReadMemory at 0x184957a5660 of 512 bytes failed: Запрос ReadProcessMemory или WriteProcessMemory был выполнен только частично. (0x12B)
[1109/183443.310:ERROR:process_memory_win.cc(73)] ReadMemory at 0x184957a5ed0 of 90 bytes failed: Запрос ReadProcessMemory или WriteProcessMemory был выполнен только частично. (0x12B)
[1109/183443.310:ERROR:process_memory_win.cc(73)] ReadMemory at 0x184957a5f40 of 132 bytes failed: Запрос ReadProcessMemory или WriteProcessMemory был выполнен только частично. (0x12B)
[1109/183443.310:ERROR:process_memory_win.cc(73)] ReadMemory at 0x184957a6170 of 132 bytes failed: Запрос ReadProcessMemory или WriteProcessMemory был выполнен только частично. (0x12B)
[1109/183443.310:ERROR:process_memory_win.cc(73)] ReadMemory at 0x184957a63f0 of 132 bytes failed: Запрос ReadProcessMemory или WriteProcessMemory был выполнен только частично. (0x12B)
[1109/183443.311:ERROR:process_memory_win.cc(73)] ReadMemory at 0x184957a6660 of 132 bytes failed: Запрос ReadProcessMemory или WriteProcessMemory был выполнен только частично. (0x12B)
[1109/183443.320:ERROR:process_memory_win.cc(73)] ReadMemory at 0x184957a67f0 of 58 bytes failed: Запрос ReadProcessMemory или WriteProcessMemory был выполнен только частично. (0x12B)
[1109/183443.320:ERROR:process_memory_win.cc(73)] ReadMemory at 0x184957a69c0 of 132 bytes failed: Запрос ReadProcessMemory или WriteProcessMemory был выполнен только частично. (0x12B)
[1109/183443.320:ERROR:process_memory_win.cc(73)] ReadMemory at 0x184957a6b50 of 60 bytes failed: Запрос ReadProcessMemory или WriteProcessMemory был выполнен только частично. (0x12B)
[1109/183443.320:ERROR:process_memory_win.cc(73)] ReadMemory at 0x184957a6ce0 of 132 bytes failed: Запрос ReadProcessMemory или WriteProcessMemory был выполнен только частично. (0x12B)
[1109/183443.321:ERROR:process_memory_win.cc(73)] ReadMemory at 0x184957a6e70 of 66 bytes failed: Запрос ReadProcessMemory или WriteProcessMemory был выполнен только частично. (0x12B)
[1109/183443.321:ERROR:process_memory_win.cc(73)] ReadMemory at 0x184957a7130 of 132 bytes failed: Запрос ReadProcessMemory или WriteProcessMemory был выполнен только частично. (0x12B)
[1109/183443.321:ERROR:process_memory_win.cc(73)] ReadMemory at 0x184957a72c0 of 66 bytes failed: Запрос ReadProcessMemory или WriteProcessMemory был выполнен только частично. (0x12B)
[1109/183443.321:ERROR:process_memory_win.cc(73)] ReadMemory at 0x184957a7530 of 132 bytes failed: Запрос ReadProcessMemory или WriteProcessMemory был выполнен только частично. (0x12B)
[1109/183443.321:ERROR:process_memory_win.cc(73)] ReadMemory at 0x184957a76c0 of 64 bytes failed: Запрос ReadProcessMemory или WriteProcessMemory был выполнен только частично. (0x12B)
[1109/183443.321:ERROR:process_memory_win.cc(73)] ReadMemory at 0x184957a7950 of 132 bytes failed: Запрос ReadProcessMemory или WriteProcessMemory был выполнен только частично. (0x12B)
[1109/183443.321:ERROR:process_memory_win.cc(73)] ReadMemory at 0x184957aa9d0 of 132 bytes failed: Запрос ReadProcessMemory или WriteProcessMemory был выполнен только частично. (0x12B)
[1109/183443.321:ERROR:process_memory_win.cc(73)] ReadMemory at 0x184957aac50 of 132 bytes failed: Запрос ReadProcessMemory или WriteProcessMemory был выполнен только частично. (0x12B)
[1109/183443.321:ERROR:process_memory_win.cc(73)] ReadMemory at 0x184957aadd0 of 80 bytes failed: Запрос ReadProcessMemory или WriteProcessMemory был выполнен только частично. (0x12B)
[1109/183443.321:ERROR:process_memory_win.cc(73)] ReadMemory at 0x184957ab070 of 76 bytes failed: Запрос ReadProcessMemory или WriteProcessMemory был выполнен только частично. (0x12B)
[1109/183443.321:ERROR:process_memory_win.cc(73)] ReadMemory at 0x184957ab130 of 78 bytes failed: Запрос ReadProcessMemory или WriteProcessMemory был выполнен только частично. (0x12B)
[1109/183443.321:ERROR:process_memory_win.cc(73)] ReadMemory at 0x184957ab430 of 80 bytes failed: Запрос ReadProcessMemory или WriteProcessMemory был выполнен только частично. (0x12B)
[1109/183443.322:ERROR:process_memory_win.cc(73)] ReadMemory at 0x184957ab590 of 64 bytes failed: Запрос ReadProcessMemory или WriteProcessMemory был выполнен только частично. (0x12B)
[1109/183443.322:ERROR:process_memory_win.cc(73)] ReadMemory at 0x184957ab850 of 132 bytes failed: Запрос ReadProcessMemory или WriteProcessMemory был выполнен только частично. (0x12B)
[1109/183443.322:ERROR:process_memory_win.cc(73)] ReadMemory at 0x184957ab980 of 132 bytes failed: Запрос ReadProcessMemory или WriteProcessMemory был выполнен только частично. (0x12B)
[1109/183443.322:ERROR:process_memory_win.cc(73)] ReadMemory at 0x184957abab0 of 132 bytes failed: Запрос ReadProcessMemory или WriteProcessMemory был выполнен только частично. (0x12B)
[1109/183443.322:ERROR:process_memory_win.cc(73)] ReadMemory at 0x184957abbe0 of 132 bytes failed: Запрос ReadProcessMemory или WriteProcessMemory был выполнен только частично. (0x12B)
[1109/183443.322:ERROR:process_memory_win.cc(73)] ReadMemory at 0x184957abd10 of 132 bytes failed: Запрос ReadProcessMemory или WriteProcessMemory был выполнен только частично. (0x12B)
[1109/183443.322:ERROR:process_memory_win.cc(73)] ReadMemory at 0x184957abe40 of 132 bytes failed: Запрос ReadProcessMemory или WriteProcessMemory был выполнен только частично. (0x12B)
[1109/183443.323:ERROR:process_memory_win.cc(73)] ReadMemory at 0x184957abf70 of 132 bytes failed: Запрос ReadProcessMemory или WriteProcessMemory был выполнен только частично. (0x12B)
[1109/183443.323:ERROR:process_memory_win.cc(73)] ReadMemory at 0x184957ac0a0 of 132 bytes failed: Запрос ReadProcessMemory или WriteProcessMemory был выполнен только частично. (0x12B)
[1109/183443.323:ERROR:process_memory_win.cc(73)] ReadMemory at 0x184957ac1d0 of 132 bytes failed: Запрос ReadProcessMemory или WriteProcessMemory был выполнен только частично. (0x12B)
[1109/183443.323:ERROR:process_memory_win.cc(73)] ReadMemory at 0x184957ac300 of 132 bytes failed: Запрос ReadProcessMemory или WriteProcessMemory был выполнен только частично. (0x12B)
[1109/183443.323:ERROR:process_memory_win.cc(73)] ReadMemory at 0x184957ac430 of 132 bytes failed: Запрос ReadProcessMemory или WriteProcessMemory был выполнен только частично. (0x12B)
[1109/183443.324:ERROR:process_memory_win.cc(73)] ReadMemory at 0x184957ac560 of 132 bytes failed: Запрос ReadProcessMemory или WriteProcessMemory был выполнен только частично. (0x12B)
[1109/183443.324:ERROR:process_memory_win.cc(73)] ReadMemory at 0x184957ac690 of 132 bytes failed: Запрос ReadProcessMemory или WriteProcessMemory был выполнен только частично. (0x12B)
[1109/183443.324:ERROR:process_memory_win.cc(73)] ReadMemory at 0x184957ac810 of 62 bytes failed: Запрос ReadProcessMemory или WriteProcessMemory был выполнен только частично. (0x12B)
[1109/183443.325:ERROR:process_memory_win.cc(73)] ReadMemory at 0x184957acae0 of 60 bytes failed: Запрос ReadProcessMemory или WriteProcessMemory был выполнен только частично. (0x12B)
[1109/183443.325:ERROR:process_memory_win.cc(73)] ReadMemory at 0x184957acf70 of 62 bytes failed: Запрос ReadProcessMemory или WriteProcessMemory был выполнен только частично. (0x12B)
[1109/183443.325:ERROR:process_memory_win.cc(73)] ReadMemory at 0x184957ad450 of 248 bytes failed: Запрос ReadProcessMemory или WriteProcessMemory был выполнен только частично. (0x12B)
[1109/183443.325:ERROR:process_memory_win.cc(73)] ReadMemory at 0x184957ae2f0 of 60 bytes failed: Запрос ReadProcessMemory или WriteProcessMemory был выполнен только частично. (0x12B)
[1109/183443.325:ERROR:process_memory_win.cc(73)] ReadMemory at 0x184957ae340 of 60 bytes failed: Запрос ReadProcessMemory или WriteProcessMemory был выполнен только частично. (0x12B)
[1109/183443.325:ERROR:process_memory_win.cc(73)] ReadMemory at 0x184957ae390 of 62 bytes failed: Запрос ReadProcessMemory или WriteProcessMemory был выполнен только частично. (0x12B)
[1109/183443.325:ERROR:process_memory_win.cc(73)] ReadMemory at 0x184957ae3e0 of 64 bytes failed: Запрос ReadProcessMemory или WriteProcessMemory был выполнен только частично. (0x12B)
[1109/183443.325:ERROR:process_memory_win.cc(73)] ReadMemory at 0x184957ae430 of 64 bytes failed: Запрос ReadProcessMemory или WriteProcessMemory был выполнен только частично. (0x12B)
[1109/183443.325:ERROR:process_memory_win.cc(73)] ReadMemory at 0x184957ae480 of 62 bytes failed: Запрос ReadProcessMemory или WriteProcessMemory был выполнен только частично. (0x12B)
[1109/183443.325:ERROR:process_memory_win.cc(73)] ReadMemory at 0x184957ae610 of 62 bytes failed: Запрос ReadProcessMemory или WriteProcessMemory был выполнен только частично. (0x12B)
[1109/183443.326:ERROR:process_memory_win.cc(73)] ReadMemory at 0x184957ae660 of 64 bytes failed: Запрос ReadProcessMemory или WriteProcessMemory был выполнен только частично. (0x12B)
[1109/183443.326:ERROR:process_memory_win.cc(73)] ReadMemory at 0x184957ae700 of 62 bytes failed: Запрос ReadProcessMemory или WriteProcessMemory был выполнен только частично. (0x12B)
[1109/183443.326:ERROR:process_memory_win.cc(73)] ReadMemory at 0x184957ae750 of 64 bytes failed: Запрос ReadProcessMemory или WriteProcessMemory был выполнен только частично. (0x12B)
[1109/183443.326:ERROR:process_memory_win.cc(73)] ReadMemory at 0x184957ae7a0 of 64 bytes failed: Запрос ReadProcessMemory или WriteProcessMemory был выполнен только частично. (0x12B)
[1109/183443.326:ERROR:process_memory_win.cc(73)] ReadMemory at 0x184957ae7f0 of 60 bytes failed: Запрос ReadProcessMemory или WriteProcessMemory был выполнен только частично. (0x12B)
[1109/183443.326:ERROR:process_memory_win.cc(73)] ReadMemory at 0x184957ae890 of 62 bytes failed: Запрос ReadProcessMemory или WriteProcessMemory был выполнен только частично. (0x12B)
[1109/183443.326:ERROR:process_memory_win.cc(73)] ReadMemory at 0x184957ae980 of 58 bytes failed: Запрос ReadProcessMemory или WriteProcessMemory был выполнен только частично. (0x12B)
[1109/183443.326:ERROR:process_memory_win.cc(73)] ReadMemory at 0x184957ae9d0 of 62 bytes failed: Запрос ReadProcessMemory или WriteProcessMemory был выполнен только частично. (0x12B)
[1109/183443.327:ERROR:process_memory_win.cc(73)] ReadMemory at 0x184957aea20 of 60 bytes failed: Запрос ReadProcessMemory или WriteProcessMemory был выполнен только частично. (0x12B)
[1109/183443.327:ERROR:process_memory_win.cc(73)] ReadMemory at 0x184957aeac0 of 512 bytes failed: Запрос ReadProcessMemory или WriteProcessMemory был выполнен только частично. (0x12B)
[1109/183443.327:ERROR:process_memory_win.cc(73)] ReadMemory at 0x184957aee40 of 512 bytes failed: Запрос ReadProcessMemory или WriteProcessMemory был выполнен только частично. (0x12B)
[1109/183443.327:ERROR:process_memory_win.cc(73)] ReadMemory at 0x184957b0fb0 of 132 bytes failed: Запрос ReadProcessMemory или WriteProcessMemory был выполнен только частично. (0x12B)
[1109/183443.327:ERROR:process_memory_win.cc(73)] ReadMemory at 0x184957b10e0 of 132 bytes failed: Запрос ReadProcessMemory или WriteProcessMemory был выполнен только частично. (0x12B)
[1109/183443.327:ERROR:process_memory_win.cc(73)] ReadMemory at 0x184957b1210 of 132 bytes failed: Запрос ReadProcessMemory или WriteProcessMemory был выполнен только частично. (0x12B)
[1109/183443.327:ERROR:process_memory_win.cc(73)] ReadMemory at 0x184957b1340 of 132 bytes failed: Запрос ReadProcessMemory или WriteProcessMemory был выполнен только частично. (0x12B)
[1109/183443.327:ERROR:process_memory_win.cc(73)] ReadMemory at 0x184957b1470 of 132 bytes failed: Запрос ReadProcessMemory или WriteProcessMemory был выполнен только частично. (0x12B)
[1109/183443.328:ERROR:process_memory_win.cc(73)] ReadMemory at 0x184957b15a0 of 132 bytes failed: Запрос ReadProcessMemory или WriteProcessMemory был выполнен только частично. (0x12B)
[1109/183443.328:ERROR:process_memory_win.cc(73)] ReadMemory at 0x184957b16d0 of 132 bytes failed: Запрос ReadProcessMemory или WriteProcessMemory был выполнен только частично. (0x12B)
[1109/183443.328:ERROR:process_memory_win.cc(73)] ReadMemory at 0x184957b1800 of 132 bytes failed: Запрос ReadProcessMemory или WriteProcessMemory был выполнен только частично. (0x12B)
[1109/183443.328:ERROR:process_memory_win.cc(73)] ReadMemory at 0x184957b1930 of 132 bytes failed: Запрос ReadProcessMemory или WriteProcessMemory был выполнен только частично. (0x12B)
[1109/183443.329:ERROR:process_memory_win.cc(73)] ReadMemory at 0x184957b1a60 of 132 bytes failed: Запрос ReadProcessMemory или WriteProcessMemory был выполнен только частично. (0x12B)
[1109/183443.329:ERROR:process_memory_win.cc(73)] ReadMemory at 0x184957b1b90 of 132 bytes failed: Запрос ReadProcessMemory или WriteProcessMemory был выполнен только частично. (0x12B)
[1109/183443.329:ERROR:process_memory_win.cc(73)] ReadMemory at 0x184957b1cc0 of 132 bytes failed: Запрос ReadProcessMemory или WriteProcessMemory был выполнен только частично. (0x12B)
[1109/183443.329:ERROR:process_memory_win.cc(73)] ReadMemory at 0x184957b1df0 of 132 bytes failed: Запрос ReadProcessMemory или WriteProcessMemory был выполнен только частично. (0x12B)
[1109/183443.329:ERROR:process_memory_win.cc(73)] ReadMemory at 0x184957b1f20 of 132 bytes failed: Запрос ReadProcessMemory или WriteProcessMemory был выполнен только частично. (0x12B)
[1109/183443.329:ERROR:process_memory_win.cc(73)] ReadMemory at 0x184957b2050 of 132 bytes failed: Запрос ReadProcessMemory или WriteProcessMemory был выполнен только частично. (0x12B)
[1109/183443.330:ERROR:process_memory_win.cc(73)] ReadMemory at 0x184957b2180 of 132 bytes failed: Запрос ReadProcessMemory или WriteProcessMemory был выполнен только частично. (0x12B)
[1109/183443.330:ERROR:process_memory_win.cc(73)] ReadMemory at 0x184957b22b0 of 132 bytes failed: Запрос ReadProcessMemory или WriteProcessMemory был выполнен только частично. (0x12B)
[1109/183443.330:ERROR:process_memory_win.cc(73)] ReadMemory at 0x184957b23e0 of 132 bytes failed: Запрос ReadProcessMemory или WriteProcessMemory был выполнен только частично. (0x12B)
[1109/183443.330:ERROR:process_memory_win.cc(73)] ReadMemory at 0x184957b2510 of 132 bytes failed: Запрос ReadProcessMemory или WriteProcessMemory был выполнен только частично. (0x12B)
[1109/183443.330:ERROR:process_memory_win.cc(73)] ReadMemory at 0x184957b2640 of 132 bytes failed: Запрос ReadProcessMemory или WriteProcessMemory был выполнен только частично. (0x12B)
[1109/183443.330:ERROR:process_memory_win.cc(73)] ReadMemory at 0x184957b2770 of 132 bytes failed: Запрос ReadProcessMemory или WriteProcessMemory был выполнен только частично. (0x12B)
[1109/183443.330:ERROR:process_memory_win.cc(73)] ReadMemory at 0x184957b28a0 of 132 bytes failed: Запрос ReadProcessMemory или WriteProcessMemory был выполнен только частично. (0x12B)
[1109/183443.330:ERROR:process_memory_win.cc(73)] ReadMemory at 0x184957b29d0 of 132 bytes failed: Запрос ReadProcessMemory или WriteProcessMemory был выполнен только частично. (0x12B)
[1109/183443.330:ERROR:process_memory_win.cc(73)] ReadMemory at 0x184957b2b00 of 132 bytes failed: Запрос ReadProcessMemory или WriteProcessMemory был выполнен только частично. (0x12B)
[1109/183443.330:ERROR:process_memory_win.cc(73)] ReadMemory at 0x184957b2c30 of 132 bytes failed: Запрос ReadProcessMemory или WriteProcessMemory был выполнен только частично. (0x12B)
[1109/183443.332:ERROR:process_memory_win.cc(73)] ReadMemory at 0x184957b2d60 of 132 bytes failed: Запрос ReadProcessMemory или WriteProcessMemory был выполнен только частично. (0x12B)
[1109/183443.333:ERROR:process_memory_win.cc(73)] ReadMemory at 0x184957b8a40 of 132 bytes failed: Запрос ReadProcessMemory или WriteProcessMemory был выполнен только частично. (0x12B)
[1109/183443.333:ERROR:process_memory_win.cc(73)] ReadMemory at 0x184957b8ca0 of 132 bytes failed: Запрос ReadProcessMemory или WriteProcessMemory был выполнен только частично. (0x12B)
[1109/183443.333:ERROR:process_memory_win.cc(73)] ReadMemory at 0x184957b9030 of 132 bytes failed: Запрос ReadProcessMemory или WriteProcessMemory был выполнен только частично. (0x12B)
[1109/183443.333:ERROR:process_memory_win.cc(73)] ReadMemory at 0x184957b94f0 of 132 bytes failed: Запрос ReadProcessMemory или WriteProcessMemory был выполнен только частично. (0x12B)
[1109/183443.333:ERROR:process_memory_win.cc(73)] ReadMemory at 0x184957b9750 of 132 bytes failed: Запрос ReadProcessMemory или WriteProcessMemory был выполнен только частично. (0x12B)
[1109/183443.333:ERROR:process_memory_win.cc(73)] ReadMemory at 0x184957b9ae0 of 132 bytes failed: Запрос ReadProcessMemory или WriteProcessMemory был выполнен только частично. (0x12B)
[1109/183443.333:ERROR:process_memory_win.cc(73)] ReadMemory at 0x184957b9fa0 of 132 bytes failed: Запрос ReadProcessMemory или WriteProcessMemory был выполнен только частично. (0x12B)
[1109/183443.333:ERROR:process_memory_win.cc(73)] ReadMemory at 0x184957ba0d0 of 132 bytes failed: Запрос ReadProcessMemory или WriteProcessMemory был выполнен только частично. (0x12B)
[1109/183443.334:ERROR:process_memory_win.cc(73)] ReadMemory at 0x184957ba590 of 132 bytes failed: Запрос ReadProcessMemory или WriteProcessMemory был выполнен только частично. (0x12B)
[1109/183443.334:ERROR:process_memory_win.cc(73)] ReadMemory at 0x184957ba6c0 of 132 bytes failed: Запрос ReadProcessMemory или WriteProcessMemory был выполнен только частично. (0x12B)
[1109/183443.334:ERROR:process_memory_win.cc(73)] ReadMemory at 0x184957ba7f0 of 132 bytes failed: Запрос ReadProcessMemory или WriteProcessMemory был выполнен только частично. (0x12B)
[1109/183443.334:ERROR:process_memory_win.cc(73)] ReadMemory at 0x184957baaa0 of 62 bytes failed: Запрос ReadProcessMemory или WriteProcessMemory был выполнен только частично. (0x12B)
[1109/183443.334:ERROR:process_memory_win.cc(73)] ReadMemory at 0x184957bab40 of 62 bytes failed: Запрос ReadProcessMemory или WriteProcessMemory был выполнен только частично. (0x12B)
[1109/183443.334:ERROR:process_memory_win.cc(73)] ReadMemory at 0x184957bac30 of 62 bytes failed: Запрос ReadProcessMemory или WriteProcessMemory был выполнен только частично. (0x12B)
[1109/183443.334:ERROR:process_memory_win.cc(73)] ReadMemory at 0x184957bae10 of 60 bytes failed: Запрос ReadProcessMemory или WriteProcessMemory был выполнен только частично. (0x12B)
[1109/183443.334:ERROR:process_memory_win.cc(73)] ReadMemory at 0x184957bae60 of 58 bytes failed: Запрос ReadProcessMemory или WriteProcessMemory был выполнен только частично. (0x12B)
[1109/183443.334:ERROR:process_memory_win.cc(73)] ReadMemory at 0x184957baeb0 of 62 bytes failed: Запрос ReadProcessMemory или WriteProcessMemory был выполнен только частично. (0x12B)
[1109/183443.334:ERROR:process_memory_win.cc(73)] ReadMemory at 0x184957baf00 of 58 bytes failed: Запрос ReadProcessMemory или WriteProcessMemory был выполнен только частично. (0x12B)
[1109/183443.334:ERROR:process_memory_win.cc(73)] ReadMemory at 0x184957bafa0 of 60 bytes failed: Запрос ReadProcessMemory или WriteProcessMemory был выполнен только частично. (0x12B)
[1109/183443.334:ERROR:process_memory_win.cc(73)] ReadMemory at 0x184957baff0 of 60 bytes failed: Запрос ReadProcessMemory или WriteProcessMemory был выполнен только частично. (0x12B)
[1109/183443.334:ERROR:process_memory_win.cc(73)] ReadMemory at 0x184957bb040 of 60 bytes failed: Запрос ReadProcessMemory или WriteProcessMemory был выполнен только частично. (0x12B)
[1109/183443.335:ERROR:process_memory_win.cc(73)] ReadMemory at 0x184957bb090 of 58 bytes failed: Запрос ReadProcessMemory или WriteProcessMemory был выполнен только частично. (0x12B)
[1109/183443.335:ERROR:process_memory_win.cc(73)] ReadMemory at 0x184957bb130 of 60 bytes failed: Запрос ReadProcessMemory или WriteProcessMemory был выполнен только частично. (0x12B)
[1109/183443.335:ERROR:process_memory_win.cc(73)] ReadMemory at 0x184957bb180 of 66 bytes failed: Запрос ReadProcessMemory или WriteProcessMemory был выполнен только частично. (0x12B)
[1109/183443.335:ERROR:process_memory_win.cc(73)] ReadMemory at 0x184957bb1d0 of 64 bytes failed: Запрос ReadProcessMemory или WriteProcessMemory был выполнен только частично. (0x12B)
[1109/183443.335:ERROR:process_memory_win.cc(73)] ReadMemory at 0x184957bb220 of 64 bytes failed: Запрос ReadProcessMemory или WriteProcessMemory был выполнен только частично. (0x12B)
[1109/183443.335:ERROR:process_memory_win.cc(73)] ReadMemory at 0x184957bb310 of 58 bytes failed: Запрос ReadProcessMemory или WriteProcessMemory был выполнен только частично. (0x12B)
[1109/183443.335:ERROR:process_memory_win.cc(73)] ReadMemory at 0x184957bb3b0 of 60 bytes failed: Запрос ReadProcessMemory или WriteProcessMemory был выполнен только частично. (0x12B)
[1109/183443.335:ERROR:process_memory_win.cc(73)] ReadMemory at 0x184957bb400 of 62 bytes failed: Запрос ReadProcessMemory или WriteProcessMemory был выполнен только частично. (0x12B)
[1109/183443.335:ERROR:process_memory_win.cc(73)] ReadMemory at 0x184957bb450 of 56 bytes failed: Запрос ReadProcessMemory или WriteProcessMemory был выполнен только частично. (0x12B)
[1109/183443.335:ERROR:process_memory_win.cc(73)] ReadMemory at 0x184957bb4f0 of 62 bytes failed: Запрос ReadProcessMemory или WriteProcessMemory был выполнен только частично. (0x12B)
[1109/183443.335:ERROR:process_memory_win.cc(73)] ReadMemory at 0x184957bb540 of 64 bytes failed: Запрос ReadProcessMemory или WriteProcessMemory был выполнен только частично. (0x12B)
[1109/183443.335:ERROR:process_memory_win.cc(73)] ReadMemory at 0x184957bb5e0 of 60 bytes failed: Запрос ReadProcessMemory или WriteProcessMemory был выполнен только частично. (0x12B)
[1109/183443.335:ERROR:process_memory_win.cc(73)] ReadMemory at 0x184957bb630 of 62 bytes failed: Запрос ReadProcessMemory или WriteProcessMemory был выполнен только частично. (0x12B)
[1109/183443.335:ERROR:process_memory_win.cc(73)] ReadMemory at 0x184957bb680 of 66 bytes failed: Запрос ReadProcessMemory или WriteProcessMemory был выполнен только частично. (0x12B)
[1109/183443.337:ERROR:process_memory_win.cc(73)] ReadMemory at 0x184957bb720 of 56 bytes failed: Запрос ReadProcessMemory или WriteProcessMemory был выполнен только частично. (0x12B)
[1109/183443.337:ERROR:process_memory_win.cc(73)] ReadMemory at 0x184957bb770 of 62 bytes failed: Запрос ReadProcessMemory или WriteProcessMemory был выполнен только частично. (0x12B)
[1109/183443.338:ERROR:process_memory_win.cc(73)] ReadMemory at 0x184957bb7c0 of 60 bytes failed: Запрос ReadProcessMemory или WriteProcessMemory был выполнен только частично. (0x12B)
[1109/183443.338:ERROR:process_memory_win.cc(73)] ReadMemory at 0x184957bb9a0 of 58 bytes failed: Запрос ReadProcessMemory или WriteProcessMemory был выполнен только частично. (0x12B)
[1109/183443.338:ERROR:process_memory_win.cc(73)] ReadMemory at 0x184957bbf50 of 54 bytes failed: Запрос ReadProcessMemory или WriteProcessMemory был выполнен только частично. (0x12B)
[1109/183443.338:ERROR:process_memory_win.cc(73)] ReadMemory at 0x184957bbf90 of 54 bytes failed: Запрос ReadProcessMemory или WriteProcessMemory был выполнен только частично. (0x12B)
[1109/183443.338:ERROR:process_memory_win.cc(73)] ReadMemory at 0x184958a1180 of 512 bytes failed: Запрос ReadProcessMemory или WriteProcessMemory был выполнен только частично. (0x12B)
[1109/183443.338:ERROR:process_memory_win.cc(73)] ReadMemory at 0x1849746d400 of 512 bytes failed: Запрос ReadProcessMemory или WriteProcessMemory был выполнен только частично. (0x12B)
[1109/183443.338:ERROR:process_memory_win.cc(73)] ReadMemory at 0x7ff762d63a5e of 512 bytes failed: Запрос ReadProcessMemory или WriteProcessMemory был выполнен только частично. (0x12B)
[1109/183443.338:ERROR:process_memory_win.cc(73)] ReadMemory at 0x7ff7657c834a of 512 bytes failed: Запрос ReadProcessMemory или WriteProcessMemory был выполнен только частично. (0x12B)
[1109/183443.338:ERROR:process_memory_win.cc(73)] ReadMemory at 0x7ff8cb0cd700 of 512 bytes failed: Запрос ReadProcessMemory или WriteProcessMemory был выполнен только частично. (0x12B)
[1109/183443.338:ERROR:process_memory_win.cc(73)] ReadMemory at 0x7ff8cde9c6c4 of 512 bytes failed: Запрос ReadProcessMemory или WriteProcessMemory был выполнен только частично. (0x12B)
[1109/183443.339:ERROR:process_memory_win.cc(73)] ReadMemory at 0x7ff8cde9f9d4 of 512 bytes failed: Запрос ReadProcessMemory или WriteProcessMemory был выполнен только частично. (0x12B)
[1109/183443.340:ERROR:process_memory_win.cc(73)] ReadMemory at 0x7ff8cdf2c428 of 18 bytes failed: Запрос ReadProcessMemory или WriteProcessMemory был выполнен только частично. (0x12B)
[1109/183443.340:ERROR:process_memory_win.cc(73)] ReadMemory at 0x7ff8cdf5f4f8 of 40 bytes failed: Запрос ReadProcessMemory или WriteProcessMemory был выполнен только частично. (0x12B)
[1109/183443.340:ERROR:process_memory_win.cc(73)] ReadMemory at 0x7ff8cdf5f978 of 48 bytes failed: Запрос ReadProcessMemory или WriteProcessMemory был выполнен только частично. (0x12B)
[1109/183443.340:ERROR:process_memory_win.cc(73)] ReadMemory at 0x7ff8cdf653c0 of 64 bytes failed: Запрос ReadProcessMemory или WriteProcessMemory был выполнен только частично. (0x12B)
[1109/183443.345:ERROR:scoped_process_suspend.cc(40)] NtResumeProcess: Попытка доступа к процессу, выполняющему процедуру завершения. (0xc000010a)
